\BOOKMARK [0][-]{chapter*.1}{\376\377\000W\000s\000t\001\031\000p}{}% 1
\BOOKMARK [0][-]{chapter*.2}{\376\377\000S\001\102\000o\000w\000n\000i\000k\000\040\000p\000o\000j\001\031\001\007\000\040\000i\000\040\000a\000k\000r\000o\000n\000i\000m\000\363\000w}{}% 2
\BOOKMARK [0][-]{chapter.1}{\376\377\000P\000o\000d\000s\000t\000a\000w\000y\000\040\000d\000z\000i\000a\001\102\000a\000n\000i\000a\000\040\000A\000W\000S\000\040\000L\000a\000m\000b\000d\000a}{}% 3
\BOOKMARK [1][-]{section.1.1}{\376\377\000M\000o\000d\000e\000l\000\040\000b\000e\000z\000s\000e\000r\000w\000e\000r\000o\000w\000y}{chapter.1}% 4
\BOOKMARK [1][-]{section.1.2}{\376\377\000F\000u\000n\000k\000c\000j\000a\000\040\000j\000a\000k\000o\000\040\000u\000s\001\102\000u\000g\000a}{chapter.1}% 5
\BOOKMARK [1][-]{section.1.3}{\376\377\000A\000W\000S\000\040\000L\000a\000m\000b\000d\000a}{chapter.1}% 6
\BOOKMARK [0][-]{chapter.2}{\376\377\000P\000r\000z\000e\000g\000l\001\005\000d\000\040\000l\000i\000t\000e\000r\000a\000t\000u\000r\000y}{}% 7
\BOOKMARK [1][-]{section.2.1}{\376\377\000C\000e\000l\000\040\000p\000r\000z\000e\000g\000l\001\005\000d\000u}{chapter.2}% 8
\BOOKMARK [1][-]{section.2.2}{\376\377\000M\000e\000t\000o\000d\000y\000k\000a\000\040\000p\000r\000z\000e\000g\000l\001\005\000d\000u\000\040\000l\000i\000t\000e\000r\000a\000t\000u\000r\000y}{chapter.2}% 9
\BOOKMARK [1][-]{section.2.3}{\376\377\000P\000r\000o\000c\000e\000s\000\040\000p\000r\000z\000e\000g\000l\001\005\000d\000u}{chapter.2}% 10
\BOOKMARK [2][-]{subsection.2.3.1}{\376\377\000O\000m\000\363\000w\000i\000e\000n\000i\000e\000\040\000p\000y\000t\000a\001\104\000\040\000b\000a\000d\000a\000w\000c\000z\000y\000c\000h}{section.2.3}% 11
\BOOKMARK [2][-]{subsection.2.3.2}{\376\377\000P\000r\000z\000e\000s\000z\000u\000k\000i\000w\000a\000n\000e\000\040\000z\000a\000s\000o\000b\000y}{section.2.3}% 12
\BOOKMARK [2][-]{subsection.2.3.3}{\376\377\000W\000y\000s\000z\000u\000k\000i\000w\000a\000n\000e\000\040\000t\000e\000r\000m\000i\000n\000y}{section.2.3}% 13
\BOOKMARK [2][-]{subsection.2.3.4}{\376\377\000S\000e\000l\000e\000k\000c\000j\000a\000\040\000l\000i\000t\000e\000r\000a\000t\000u\000r\000y}{section.2.3}% 14
\BOOKMARK [2][-]{subsection.2.3.5}{\376\377\000O\000c\000e\000n\000a\000\040\000j\000a\000k\000o\001\133\000c\000i}{section.2.3}% 15
\BOOKMARK [1][-]{section.2.4}{\376\377\000W\000y\000n\000i\000k\000i\000\040\000p\000r\000z\000e\000g\000l\001\005\000d\000u}{chapter.2}% 16
\BOOKMARK [2][-]{subsection.2.4.1}{\376\377\000C\000z\000y\000n\000n\000i\000k\000i\000\040\000w\000p\001\102\000y\000w\000a\000j\001\005\000c\000e\000\040\000n\000a\000\040\000w\000y\000d\000a\000j\000n\000o\001\133\001\007\000\040\000f\000u\000n\000k\000c\000j\000i}{section.2.4}% 17
\BOOKMARK [2][-]{subsection.2.4.2}{\376\377\000M\000e\000t\000o\000d\000y\000\040\000o\000p\000t\000y\000m\000a\000l\000i\000z\000a\000c\000j\000i\000\040\000f\000u\000n\000k\000c\000j\000i\000\040\000w\000\040\000e\000k\000o\000s\000y\000s\000t\000e\000m\000i\000e\000\040\000J\000a\000v\000a}{section.2.4}% 18
\BOOKMARK [2][-]{subsection.2.4.3}{\376\377\000C\000e\000c\000h\000y\000\040\000r\000o\000z\000w\000o\000j\000u\000\040\000a\000p\000l\000i\000k\000a\000c\000j\000i\000\040\000w\000\040\000A\000W\000S\000\040\000L\000a\000m\000b\000d\000a}{section.2.4}% 19
\BOOKMARK [2][-]{subsection.2.4.4}{\376\377\000P\000o\000d\000s\000u\000m\000o\000w\000a\000n\000i\000e\000\040\000w\000y\000n\000i\000k\000\363\000w\000\040\000p\000r\000z\000e\000g\000l\001\005\000d\000u}{section.2.4}% 20
\BOOKMARK [0][-]{chapter.3}{\376\377\000W\000y\000b\000r\000a\000n\000e\000\040\000m\000e\000t\000o\000d\000y\000\040\000o\000p\000t\000y\000m\000a\000l\000i\000z\000a\000c\000j\000i}{}% 21
\BOOKMARK [1][-]{section.3.1}{\376\377\000S\000n\000a\000p\000S\000t\000a\000r\000t}{chapter.3}% 22
\BOOKMARK [1][-]{section.3.2}{\376\377\000G\000r\000a\000a\000l\000V\000M}{chapter.3}% 23
\BOOKMARK [1][-]{section.3.3}{\376\377\000K\000o\000t\000l\000i\000n}{chapter.3}% 24
\BOOKMARK [1][-]{section.3.4}{\376\377\000K\000o\000t\000l\000i\000n\000/\000J\000S}{chapter.3}% 25
\BOOKMARK [1][-]{section.3.5}{\376\377\000K\000o\000t\000l\000i\000n\000/\000N\000a\000t\000i\000v\000e}{chapter.3}% 26
\BOOKMARK [0][-]{chapter.4}{\376\377\000O\000p\000i\000s\000\040\000b\000a\000d\000a\000n\000i\000a}{}% 27
\BOOKMARK [1][-]{section.4.1}{\376\377\000C\000e\000l\000\040\000i\000\040\000m\000e\000t\000o\000d\000o\000l\000o\000g\000i\000a\000\040\000b\000a\000d\000a\001\104}{chapter.4}% 28
\BOOKMARK [1][-]{section.4.2}{\376\377\000I\000m\000p\000l\000e\000m\000e\000n\000t\000a\000c\000j\000a\000\040\000f\000u\000n\000k\000c\000j\000i}{chapter.4}% 29
\BOOKMARK [1][-]{section.4.3}{\376\377\000W\000d\000r\000o\001\174\000e\000n\000i\000e\000\040\000f\000u\000n\000k\000c\000j\000i}{chapter.4}% 30
\BOOKMARK [1][-]{section.4.4}{\376\377\001\132\000r\000o\000d\000o\000w\000i\000s\000k\000o\000\040\000b\000a\000d\000a\000w\000c\000z\000e}{chapter.4}% 31
\BOOKMARK [0][-]{chapter.5}{\376\377\000W\000y\000n\000i\000k\000i}{}% 32
\BOOKMARK [0][-]{chapter.6}{\376\377\000W\000n\000i\000o\000s\000k\000i\000\040\000i\000\040\000d\000y\000s\000k\000u\000s\000j\000a}{}% 33
\BOOKMARK [0][-]{chapter*.15}{\376\377\000Z\000a\000k\000o\001\104\000c\000z\000e\000n\000i\000e}{}% 34
