This is pdfTeX, Version 3.141592653-2.6-1.40.27 (TeX Live 2025) (preloaded format=pdflatex 2025.3.30)  11 JUN 2025 09:08
entering extended mode
 restricted \write18 enabled.
 file:line:error style messages enabled.
 %&-line parsing enabled.
**/Users/piotr/dev/aws-lambda-performance-master-thesis/thesis-document/main.tex
(/Users/piotr/dev/aws-lambda-performance-master-thesis/thesis-document/main.tex
LaTeX2e <2024-11-01> patch level 2
L3 programming layer <2025-01-18>
(/usr/local/texlive/2025/texmf-dist/tex/latex/base/book.cls
Document Class: book 2024/06/29 v1.4n Standard LaTeX document class
(/usr/local/texlive/2025/texmf-dist/tex/latex/base/bk12.clo
File: bk12.clo 2024/06/29 v1.4n Standard LaTeX file (size option)
)
\c@part=\count196
\c@chapter=\count197
\c@section=\count198
\c@subsection=\count199
\c@subsubsection=\count266
\c@paragraph=\count267
\c@subparagraph=\count268
\c@figure=\count269
\c@table=\count270
\abovecaptionskip=\skip49
\belowcaptionskip=\skip50
\bibindent=\dimen141
) (./latex-settings.tex (/usr/local/texlive/2025/texmf-dist/tex/generic/babel/babel.sty
Package: babel 2025/02/14 v25.4 The multilingual framework for pdfLaTeX, LuaLaTeX and XeLaTeX
\babel@savecnt=\count271
\U@D=\dimen142
\l@unhyphenated=\language90
 (/usr/local/texlive/2025/texmf-dist/tex/generic/babel/txtbabel.def)
\bbl@readstream=\read2
\bbl@dirlevel=\count272
 (/usr/local/texlive/2025/texmf-dist/tex/generic/babel-polish/polish.ldf
Language: polish 2022/03/12 1.3 Babel support for Polish
Package babel Info: Making " an active character on input line 101.
)) (/usr/local/texlive/2025/texmf-dist/tex/generic/babel/locale/pl/babel-polish.tex
Package babel Info: Importing font and identification data for polish
(babel)             from babel-pl.ini. Reported on input line 11.
) (/usr/local/texlive/2025/texmf-dist/tex/latex/base/inputenc.sty
Package: inputenc 2024/02/08 v1.3d Input encoding file
\inpenc@prehook=\toks17
\inpenc@posthook=\toks18
) (/usr/local/texlive/2025/texmf-dist/tex/latex/base/fontenc.sty
Package: fontenc 2021/04/29 v2.0v Standard LaTeX package
) (/usr/local/texlive/2025/texmf-dist/tex/latex/lm/lmodern.sty
Package: lmodern 2015/05/01 v1.6.1 Latin Modern Fonts
LaTeX Font Info:    Overwriting symbol font `operators' in version `normal'
(Font)                  OT1/cmr/m/n --> OT1/lmr/m/n on input line 22.
LaTeX Font Info:    Overwriting symbol font `letters' in version `normal'
(Font)                  OML/cmm/m/it --> OML/lmm/m/it on input line 23.
LaTeX Font Info:    Overwriting symbol font `symbols' in version `normal'
(Font)                  OMS/cmsy/m/n --> OMS/lmsy/m/n on input line 24.
LaTeX Font Info:    Overwriting symbol font `largesymbols' in version `normal'
(Font)                  OMX/cmex/m/n --> OMX/lmex/m/n on input line 25.
LaTeX Font Info:    Overwriting symbol font `operators' in version `bold'
(Font)                  OT1/cmr/bx/n --> OT1/lmr/bx/n on input line 26.
LaTeX Font Info:    Overwriting symbol font `letters' in version `bold'
(Font)                  OML/cmm/b/it --> OML/lmm/b/it on input line 27.
LaTeX Font Info:    Overwriting symbol font `symbols' in version `bold'
(Font)                  OMS/cmsy/b/n --> OMS/lmsy/b/n on input line 28.
LaTeX Font Info:    Overwriting symbol font `largesymbols' in version `bold'
(Font)                  OMX/cmex/m/n --> OMX/lmex/m/n on input line 29.
LaTeX Font Info:    Overwriting math alphabet `\mathbf' in version `normal'
(Font)                  OT1/cmr/bx/n --> OT1/lmr/bx/n on input line 31.
LaTeX Font Info:    Overwriting math alphabet `\mathsf' in version `normal'
(Font)                  OT1/cmss/m/n --> OT1/lmss/m/n on input line 32.
LaTeX Font Info:    Overwriting math alphabet `\mathit' in version `normal'
(Font)                  OT1/cmr/m/it --> OT1/lmr/m/it on input line 33.
LaTeX Font Info:    Overwriting math alphabet `\mathtt' in version `normal'
(Font)                  OT1/cmtt/m/n --> OT1/lmtt/m/n on input line 34.
LaTeX Font Info:    Overwriting math alphabet `\mathbf' in version `bold'
(Font)                  OT1/cmr/bx/n --> OT1/lmr/bx/n on input line 35.
LaTeX Font Info:    Overwriting math alphabet `\mathsf' in version `bold'
(Font)                  OT1/cmss/bx/n --> OT1/lmss/bx/n on input line 36.
LaTeX Font Info:    Overwriting math alphabet `\mathit' in version `bold'
(Font)                  OT1/cmr/bx/it --> OT1/lmr/bx/it on input line 37.
LaTeX Font Info:    Overwriting math alphabet `\mathtt' in version `bold'
(Font)                  OT1/cmtt/m/n --> OT1/lmtt/m/n on input line 38.
) (/usr/local/texlive/2025/texmf-dist/tex/latex/tools/indentfirst.sty
Package: indentfirst 2023/07/02 v1.03 Indent first paragraph (DPC)
) (/usr/local/texlive/2025/texmf-dist/tex/latex/amsmath/amsmath.sty
Package: amsmath 2024/11/05 v2.17t AMS math features
\@mathmargin=\skip51

For additional information on amsmath, use the `?' option.
(/usr/local/texlive/2025/texmf-dist/tex/latex/amsmath/amstext.sty
Package: amstext 2021/08/26 v2.01 AMS text
 (/usr/local/texlive/2025/texmf-dist/tex/latex/amsmath/amsgen.sty
File: amsgen.sty 1999/11/30 v2.0 generic functions
\@emptytoks=\toks19
\ex@=\dimen143
)) (/usr/local/texlive/2025/texmf-dist/tex/latex/amsmath/amsbsy.sty
Package: amsbsy 1999/11/29 v1.2d Bold Symbols
\pmbraise@=\dimen144
) (/usr/local/texlive/2025/texmf-dist/tex/latex/amsmath/amsopn.sty
Package: amsopn 2022/04/08 v2.04 operator names
)
\inf@bad=\count273
LaTeX Info: Redefining \frac on input line 233.
\uproot@=\count274
\leftroot@=\count275
LaTeX Info: Redefining \overline on input line 398.
LaTeX Info: Redefining \colon on input line 409.
\classnum@=\count276
\DOTSCASE@=\count277
LaTeX Info: Redefining \ldots on input line 495.
LaTeX Info: Redefining \dots on input line 498.
LaTeX Info: Redefining \cdots on input line 619.
\Mathstrutbox@=\box52
\strutbox@=\box53
LaTeX Info: Redefining \big on input line 721.
LaTeX Info: Redefining \Big on input line 722.
LaTeX Info: Redefining \bigg on input line 723.
LaTeX Info: Redefining \Bigg on input line 724.
\big@size=\dimen145
LaTeX Font Info:    Redeclaring font encoding OML on input line 742.
LaTeX Font Info:    Redeclaring font encoding OMS on input line 743.
\macc@depth=\count278
LaTeX Info: Redefining \bmod on input line 904.
LaTeX Info: Redefining \pmod on input line 909.
LaTeX Info: Redefining \smash on input line 939.
LaTeX Info: Redefining \relbar on input line 969.
LaTeX Info: Redefining \Relbar on input line 970.
\c@MaxMatrixCols=\count279
\dotsspace@=\muskip17
\c@parentequation=\count280
\dspbrk@lvl=\count281
\tag@help=\toks20
\row@=\count282
\column@=\count283
\maxfields@=\count284
\andhelp@=\toks21
\eqnshift@=\dimen146
\alignsep@=\dimen147
\tagshift@=\dimen148
\tagwidth@=\dimen149
\totwidth@=\dimen150
\lineht@=\dimen151
\@envbody=\toks22
\multlinegap=\skip52
\multlinetaggap=\skip53
\mathdisplay@stack=\toks23
LaTeX Info: Redefining \[ on input line 2953.
LaTeX Info: Redefining \] on input line 2954.
) (/usr/local/texlive/2025/texmf-dist/tex/latex/amsfonts/amssymb.sty
Package: amssymb 2013/01/14 v3.01 AMS font symbols
 (/usr/local/texlive/2025/texmf-dist/tex/latex/amsfonts/amsfonts.sty
Package: amsfonts 2013/01/14 v3.01 Basic AMSFonts support
\symAMSa=\mathgroup4
\symAMSb=\mathgroup5
LaTeX Font Info:    Redeclaring math symbol \hbar on input line 98.
LaTeX Font Info:    Overwriting math alphabet `\mathfrak' in version `bold'
(Font)                  U/euf/m/n --> U/euf/b/n on input line 106.
)) (/usr/local/texlive/2025/texmf-dist/tex/latex/jknapltx/mathrsfs.sty
Package: mathrsfs 1996/01/01 Math RSFS package v1.0 (jk)
\symrsfs=\mathgroup6
) (/usr/local/texlive/2025/texmf-dist/tex/latex/mathtools/mathtools.sty
Package: mathtools 2024/10/04 v1.31 mathematical typesetting tools
 (/usr/local/texlive/2025/texmf-dist/tex/latex/graphics/keyval.sty
Package: keyval 2022/05/29 v1.15 key=value parser (DPC)
\KV@toks@=\toks24
) (/usr/local/texlive/2025/texmf-dist/tex/latex/tools/calc.sty
Package: calc 2023/07/08 v4.3 Infix arithmetic (KKT,FJ)
\calc@Acount=\count285
\calc@Bcount=\count286
\calc@Adimen=\dimen152
\calc@Bdimen=\dimen153
\calc@Askip=\skip54
\calc@Bskip=\skip55
LaTeX Info: Redefining \setlength on input line 80.
LaTeX Info: Redefining \addtolength on input line 81.
\calc@Ccount=\count287
\calc@Cskip=\skip56
) (/usr/local/texlive/2025/texmf-dist/tex/latex/mathtools/mhsetup.sty
Package: mhsetup 2021/03/18 v1.4 programming setup (MH)
)
\g_MT_multlinerow_int=\count288
\l_MT_multwidth_dim=\dimen154
\origjot=\skip57
\l_MT_shortvdotswithinadjustabove_dim=\dimen155
\l_MT_shortvdotswithinadjustbelow_dim=\dimen156
\l_MT_above_intertext_sep=\dimen157
\l_MT_below_intertext_sep=\dimen158
\l_MT_above_shortintertext_sep=\dimen159
\l_MT_below_shortintertext_sep=\dimen160
\xmathstrut@box=\box54
\xmathstrut@dim=\dimen161
) (/usr/local/texlive/2025/texmf-dist/tex/latex/xcolor/xcolor.sty
Package: xcolor 2024/09/29 v3.02 LaTeX color extensions (UK)
 (/usr/local/texlive/2025/texmf-dist/tex/latex/graphics-cfg/color.cfg
File: color.cfg 2016/01/02 v1.6 sample color configuration
)
Package xcolor Info: Driver file: pdftex.def on input line 274.
 (/usr/local/texlive/2025/texmf-dist/tex/latex/graphics-def/pdftex.def
File: pdftex.def 2024/04/13 v1.2c Graphics/color driver for pdftex
) (/usr/local/texlive/2025/texmf-dist/tex/latex/graphics/mathcolor.ltx)
Package xcolor Info: Model `cmy' substituted by `cmy0' on input line 1349.
Package xcolor Info: Model `hsb' substituted by `rgb' on input line 1353.
Package xcolor Info: Model `RGB' extended on input line 1365.
Package xcolor Info: Model `HTML' substituted by `rgb' on input line 1367.
Package xcolor Info: Model `Hsb' substituted by `hsb' on input line 1368.
Package xcolor Info: Model `tHsb' substituted by `hsb' on input line 1369.
Package xcolor Info: Model `HSB' substituted by `hsb' on input line 1370.
Package xcolor Info: Model `Gray' substituted by `gray' on input line 1371.
Package xcolor Info: Model `wave' substituted by `hsb' on input line 1372.
) (/usr/local/texlive/2025/texmf-dist/tex/latex/colortbl/colortbl.sty
Package: colortbl 2024/07/06 v1.0i Color table columns (DPC)
 (/usr/local/texlive/2025/texmf-dist/tex/latex/tools/array.sty
Package: array 2024/10/17 v2.6g Tabular extension package (FMi)
\col@sep=\dimen162
\ar@mcellbox=\box55
\extrarowheight=\dimen163
\NC@list=\toks25
\extratabsurround=\skip58
\backup@length=\skip59
\ar@cellbox=\box56
)
\everycr=\toks26
\minrowclearance=\skip60
\rownum=\count289
) (/usr/local/texlive/2025/texmf-dist/tex/latex/xcolor/svgnam.def
File: svgnam.def 2024/09/29 v3.02 Predefined colors according to SVG 1.1 (UK)
) (/usr/local/texlive/2025/texmf-dist/tex/latex/tabu/tabu.sty
Package: tabu 2019/01/11 v2.9 - flexible LaTeX tabulars (FC+tabu-fixed)
 (/usr/local/texlive/2025/texmf-dist/tex/latex/varwidth/varwidth.sty
Package: varwidth 2009/03/30 ver 0.92;  Variable-width minipages
\@vwid@box=\box57
\sift@deathcycles=\count290
\@vwid@loff=\dimen164
\@vwid@roff=\dimen165
)
\c@taburow=\count291
\tabu@nbcols=\count292
\tabu@cnt=\count293
\tabu@Xcol=\count294
\tabu@alloc=\count295
\tabu@nested=\count296
\tabu@target=\dimen166
\tabu@spreadtarget=\dimen167
\tabu@naturalX=\dimen168
\tabucolX=\dimen169
\tabu@Xsum=\dimen170
\extrarowdepth=\dimen171
\abovetabulinesep=\dimen172
\belowtabulinesep=\dimen173
\tabustrutrule=\dimen174
\tabu@thebody=\toks27
\tabu@footnotes=\toks28
\tabu@box=\box58
\tabu@arstrutbox=\box59
\tabu@hleads=\box60
\tabu@vleads=\box61
\tabu@cellskip=\skip61
) (/usr/local/texlive/2025/texmf-dist/tex/latex/algorithm2e/algorithm2e.sty
Package: algorithm2e 2017/07/18 v5.2 algorithms environments
\c@AlgoLine=\count297
 (/usr/local/texlive/2025/texmf-dist/tex/latex/base/ifthen.sty
Package: ifthen 2024/03/16 v1.1e Standard LaTeX ifthen package (DPC)
)
\algocf@hangindent=\skip62
 (/usr/local/texlive/2025/texmf-dist/tex/latex/ifoddpage/ifoddpage.sty
Package: ifoddpage 2022/10/18 v1.2 Conditionals for odd/even page detection
\c@checkoddpage=\count298
) (/usr/local/texlive/2025/texmf-dist/tex/latex/tools/xspace.sty
Package: xspace 2014/10/28 v1.13 Space after command names (DPC,MH)
) (/usr/local/texlive/2025/texmf-dist/tex/latex/relsize/relsize.sty
Package: relsize 2013/03/29 ver 4.1
)
\skiptotal=\skip63
\skiplinenumber=\skip64
\skiprule=\skip65
\skiphlne=\skip66
\skiptext=\skip67
\skiplength=\skip68
\algomargin=\skip69
\skipalgocfslide=\skip70
\algowidth=\dimen175
\inoutsize=\dimen176
\inoutindent=\dimen177
\interspacetitleruled=\dimen178
\interspacealgoruled=\dimen179
\interspacetitleboxruled=\dimen180
\algocf@ruledwidth=\skip71
\algocf@inoutbox=\box62
\algocf@inputbox=\box63
\AlCapSkip=\skip72
\AlCapHSkip=\skip73
\algoskipindent=\skip74
\algocf@nlbox=\box64
\algocf@hangingbox=\box65
\algocf@untilbox=\box66
\algocf@skipuntil=\skip75
\algocf@capbox=\box67
\algocf@lcaptionbox=\skip76
\algoheightruledefault=\skip77
\algoheightrule=\skip78
\algotitleheightruledefault=\skip79
\algotitleheightrule=\skip80
\c@algocfline=\count299
\c@algocfproc=\count300
\c@algocf=\count301
\algocf@algoframe=\box68
\algocf@algobox=\box69
) (/usr/local/texlive/2025/texmf-dist/tex/latex/base/textcomp.sty
Package: textcomp 2024/04/24 v2.1b Standard LaTeX package
) (/usr/local/texlive/2025/texmf-dist/tex/latex/listings/listings.sty
\lst@mode=\count302
\lst@gtempboxa=\box70
\lst@token=\toks29
\lst@length=\count303
\lst@currlwidth=\dimen181
\lst@column=\count304
\lst@pos=\count305
\lst@lostspace=\dimen182
\lst@width=\dimen183
\lst@newlines=\count306
\lst@lineno=\count307
\lst@maxwidth=\dimen184
 (/usr/local/texlive/2025/texmf-dist/tex/latex/listings/lstpatch.sty
File: lstpatch.sty 2024/09/23 1.10c (Carsten Heinz)
) (/usr/local/texlive/2025/texmf-dist/tex/latex/listings/lstmisc.sty
File: lstmisc.sty 2024/09/23 1.10c (Carsten Heinz)
\c@lstnumber=\count308
\lst@skipnumbers=\count309
\lst@framebox=\box71
) (/usr/local/texlive/2025/texmf-dist/tex/latex/listings/listings.cfg
File: listings.cfg 2024/09/23 1.10c listings configuration
))
Package: listings 2024/09/23 1.10c (Carsten Heinz)
 (/usr/local/texlive/2025/texmf-dist/tex/latex/geometry/geometry.sty
Package: geometry 2020/01/02 v5.9 Page Geometry
 (/usr/local/texlive/2025/texmf-dist/tex/generic/iftex/ifvtex.sty
Package: ifvtex 2019/10/25 v1.7 ifvtex legacy package. Use iftex instead.
 (/usr/local/texlive/2025/texmf-dist/tex/generic/iftex/iftex.sty
Package: iftex 2024/12/12 v1.0g TeX engine tests
))
\Gm@cnth=\count310
\Gm@cntv=\count311
\c@Gm@tempcnt=\count312
\Gm@bindingoffset=\dimen185
\Gm@wd@mp=\dimen186
\Gm@odd@mp=\dimen187
\Gm@even@mp=\dimen188
\Gm@layoutwidth=\dimen189
\Gm@layoutheight=\dimen190
\Gm@layouthoffset=\dimen191
\Gm@layoutvoffset=\dimen192
\Gm@dimlist=\toks30
) (/usr/local/texlive/2025/texmf-dist/tex/latex/titling/titling.sty
Package: titling 2009/09/04 v2.1d maketitle typesetting
\thanksmarkwidth=\skip81
\thanksmargin=\skip82
\droptitle=\skip83
) (/usr/local/texlive/2025/texmf-dist/tex/latex/tocloft/tocloft.sty
Package: tocloft 2017/08/31 v2.3i parameterised ToC, etc., typesetting
Package tocloft Info: The document has chapter divisions on input line 51.
\cftparskip=\skip84
\cftbeforetoctitleskip=\skip85
\cftaftertoctitleskip=\skip86
\cftbeforepartskip=\skip87
\cftpartnumwidth=\skip88
\cftpartindent=\skip89
\cftbeforechapskip=\skip90
\cftchapindent=\skip91
\cftchapnumwidth=\skip92
\cftbeforesecskip=\skip93
\cftsecindent=\skip94
\cftsecnumwidth=\skip95
\cftbeforesubsecskip=\skip96
\cftsubsecindent=\skip97
\cftsubsecnumwidth=\skip98
\cftbeforesubsubsecskip=\skip99
\cftsubsubsecindent=\skip100
\cftsubsubsecnumwidth=\skip101
\cftbeforeparaskip=\skip102
\cftparaindent=\skip103
\cftparanumwidth=\skip104
\cftbeforesubparaskip=\skip105
\cftsubparaindent=\skip106
\cftsubparanumwidth=\skip107
\cftbeforeloftitleskip=\skip108
\cftafterloftitleskip=\skip109
\cftbeforefigskip=\skip110
\cftfigindent=\skip111
\cftfignumwidth=\skip112
\c@lofdepth=\count313
\c@lotdepth=\count314
\cftbeforelottitleskip=\skip113
\cftafterlottitleskip=\skip114
\cftbeforetabskip=\skip115
\cfttabindent=\skip116
\cfttabnumwidth=\skip117
) (/usr/local/texlive/2025/texmf-dist/tex/latex/fancyhdr/fancyhdr.sty
Package: fancyhdr 2025/02/07 v5.2 Extensive control of page headers and footers
\f@nch@headwidth=\skip118
\f@nch@offset@elh=\skip119
\f@nch@offset@erh=\skip120
\f@nch@offset@olh=\skip121
\f@nch@offset@orh=\skip122
\f@nch@offset@elf=\skip123
\f@nch@offset@erf=\skip124
\f@nch@offset@olf=\skip125
\f@nch@offset@orf=\skip126
\f@nch@height=\skip127
\f@nch@footalignment=\skip128
\f@nch@widthL=\skip129
\f@nch@widthC=\skip130
\f@nch@widthR=\skip131
\@temptokenb=\toks31
) (/usr/local/texlive/2025/texmf-dist/tex/latex/titlesec/titlesec.sty
Package: titlesec 2025/01/04 v2.17 Sectioning titles
\ttl@box=\box72
\beforetitleunit=\skip132
\aftertitleunit=\skip133
\ttl@plus=\dimen193
\ttl@minus=\dimen194
\ttl@toksa=\toks32
\titlewidth=\dimen195
\titlewidthlast=\dimen196
\titlewidthfirst=\dimen197
) (/usr/local/texlive/2025/texmf-dist/tex/latex/hyperref/hyperref.sty
Package: hyperref 2024-11-05 v7.01l Hypertext links for LaTeX
 (/usr/local/texlive/2025/texmf-dist/tex/latex/kvsetkeys/kvsetkeys.sty
Package: kvsetkeys 2022-10-05 v1.19 Key value parser (HO)
) (/usr/local/texlive/2025/texmf-dist/tex/generic/kvdefinekeys/kvdefinekeys.sty
Package: kvdefinekeys 2019-12-19 v1.6 Define keys (HO)
) (/usr/local/texlive/2025/texmf-dist/tex/generic/pdfescape/pdfescape.sty
Package: pdfescape 2019/12/09 v1.15 Implements pdfTeX's escape features (HO)
 (/usr/local/texlive/2025/texmf-dist/tex/generic/ltxcmds/ltxcmds.sty
Package: ltxcmds 2023-12-04 v1.26 LaTeX kernel commands for general use (HO)
) (/usr/local/texlive/2025/texmf-dist/tex/generic/pdftexcmds/pdftexcmds.sty
Package: pdftexcmds 2020-06-27 v0.33 Utility functions of pdfTeX for LuaTeX (HO)
 (/usr/local/texlive/2025/texmf-dist/tex/generic/infwarerr/infwarerr.sty
Package: infwarerr 2019/12/03 v1.5 Providing info/warning/error messages (HO)
)
Package pdftexcmds Info: \pdf@primitive is available.
Package pdftexcmds Info: \pdf@ifprimitive is available.
Package pdftexcmds Info: \pdfdraftmode found.
)) (/usr/local/texlive/2025/texmf-dist/tex/latex/hycolor/hycolor.sty
Package: hycolor 2020-01-27 v1.10 Color options for hyperref/bookmark (HO)
) (/usr/local/texlive/2025/texmf-dist/tex/latex/hyperref/nameref.sty
Package: nameref 2023-11-26 v2.56 Cross-referencing by name of section
 (/usr/local/texlive/2025/texmf-dist/tex/latex/refcount/refcount.sty
Package: refcount 2019/12/15 v3.6 Data extraction from label references (HO)
) (/usr/local/texlive/2025/texmf-dist/tex/generic/gettitlestring/gettitlestring.sty
Package: gettitlestring 2019/12/15 v1.6 Cleanup title references (HO)
 (/usr/local/texlive/2025/texmf-dist/tex/latex/kvoptions/kvoptions.sty
Package: kvoptions 2022-06-15 v3.15 Key value format for package options (HO)
))
\c@section@level=\count315
) (/usr/local/texlive/2025/texmf-dist/tex/latex/etoolbox/etoolbox.sty
Package: etoolbox 2025/02/11 v2.5l e-TeX tools for LaTeX (JAW)
\etb@tempcnta=\count316
) (/usr/local/texlive/2025/texmf-dist/tex/generic/stringenc/stringenc.sty
Package: stringenc 2019/11/29 v1.12 Convert strings between diff. encodings (HO)
)
\@linkdim=\dimen198
\Hy@linkcounter=\count317
\Hy@pagecounter=\count318
 (/usr/local/texlive/2025/texmf-dist/tex/latex/hyperref/pd1enc.def
File: pd1enc.def 2024-11-05 v7.01l Hyperref: PDFDocEncoding definition (HO)
Now handling font encoding PD1 ...
... no UTF-8 mapping file for font encoding PD1
) (/usr/local/texlive/2025/texmf-dist/tex/generic/intcalc/intcalc.sty
Package: intcalc 2019/12/15 v1.3 Expandable calculations with integers (HO)
)
\Hy@SavedSpaceFactor=\count319
 (/usr/local/texlive/2025/texmf-dist/tex/latex/hyperref/puenc.def
File: puenc.def 2024-11-05 v7.01l Hyperref: PDF Unicode definition (HO)
Now handling font encoding PU ...
... no UTF-8 mapping file for font encoding PU
)
Package hyperref Info: Hyper figures OFF on input line 4157.
Package hyperref Info: Link nesting OFF on input line 4162.
Package hyperref Info: Hyper index ON on input line 4165.
Package hyperref Info: Plain pages OFF on input line 4172.
Package hyperref Info: Backreferencing OFF on input line 4177.
Package hyperref Info: Implicit mode ON; LaTeX internals redefined.
Package hyperref Info: Bookmarks ON on input line 4424.
\c@Hy@tempcnt=\count320
 (/usr/local/texlive/2025/texmf-dist/tex/latex/url/url.sty
\Urlmuskip=\muskip18
Package: url 2013/09/16  ver 3.4  Verb mode for urls, etc.
)
LaTeX Info: Redefining \url on input line 4763.
\XeTeXLinkMargin=\dimen199
 (/usr/local/texlive/2025/texmf-dist/tex/generic/bitset/bitset.sty
Package: bitset 2019/12/09 v1.3 Handle bit-vector datatype (HO)
 (/usr/local/texlive/2025/texmf-dist/tex/generic/bigintcalc/bigintcalc.sty
Package: bigintcalc 2019/12/15 v1.5 Expandable calculations on big integers (HO)
))
\Fld@menulength=\count321
\Field@Width=\dimen256
\Fld@charsize=\dimen257
Package hyperref Info: Hyper figures OFF on input line 6042.
Package hyperref Info: Link nesting OFF on input line 6047.
Package hyperref Info: Hyper index ON on input line 6050.
Package hyperref Info: backreferencing OFF on input line 6057.
Package hyperref Info: Link coloring OFF on input line 6062.
Package hyperref Info: Link coloring with OCG OFF on input line 6067.
Package hyperref Info: PDF/A mode OFF on input line 6072.
 (/usr/local/texlive/2025/texmf-dist/tex/latex/base/atbegshi-ltx.sty
Package: atbegshi-ltx 2021/01/10 v1.0c Emulation of the original atbegshi
package with kernel methods
)
\Hy@abspage=\count322
\c@Item=\count323
\c@Hfootnote=\count324
)
Package hyperref Info: Driver (autodetected): hpdftex.
 (/usr/local/texlive/2025/texmf-dist/tex/latex/hyperref/hpdftex.def
File: hpdftex.def 2024-11-05 v7.01l Hyperref driver for pdfTeX
 (/usr/local/texlive/2025/texmf-dist/tex/latex/base/atveryend-ltx.sty
Package: atveryend-ltx 2020/08/19 v1.0a Emulation of the original atveryend package
with kernel methods
)
\Fld@listcount=\count325
\c@bookmark@seq@number=\count326
 (/usr/local/texlive/2025/texmf-dist/tex/latex/rerunfilecheck/rerunfilecheck.sty
Package: rerunfilecheck 2022-07-10 v1.10 Rerun checks for auxiliary files (HO)
 (/usr/local/texlive/2025/texmf-dist/tex/generic/uniquecounter/uniquecounter.sty
Package: uniquecounter 2019/12/15 v1.4 Provide unlimited unique counter (HO)
)
Package uniquecounter Info: New unique counter `rerunfilecheck' on input line 285.
)
\Hy@SectionHShift=\skip134
)
Package hyperref Info: Option `colorlinks' set `true' on input line 398.
 (/usr/local/texlive/2025/texmf-dist/tex/latex/enumitem/enumitem.sty
Package: enumitem 2025/02/06 v3.11 Customized lists
\labelindent=\skip135
\enit@outerparindent=\dimen258
\enit@toks=\toks33
\enit@inbox=\box73
\enit@count@id=\count327
\enitdp@description=\count328
)
\enitdp@myitemize=\count329
 (/usr/local/texlive/2025/texmf-dist/tex/latex/graphics/graphicx.sty
Package: graphicx 2021/09/16 v1.2d Enhanced LaTeX Graphics (DPC,SPQR)
 (/usr/local/texlive/2025/texmf-dist/tex/latex/graphics/graphics.sty
Package: graphics 2024/08/06 v1.4g Standard LaTeX Graphics (DPC,SPQR)
 (/usr/local/texlive/2025/texmf-dist/tex/latex/graphics/trig.sty
Package: trig 2023/12/02 v1.11 sin cos tan (DPC)
) (/usr/local/texlive/2025/texmf-dist/tex/latex/graphics-cfg/graphics.cfg
File: graphics.cfg 2016/06/04 v1.11 sample graphics configuration
)
Package graphics Info: Driver file: pdftex.def on input line 106.
)
\Gin@req@height=\dimen259
\Gin@req@width=\dimen260
) (/usr/local/texlive/2025/texmf-dist/tex/latex/caption/caption.sty
Package: caption 2023/08/05 v3.6o Customizing captions (AR)
 (/usr/local/texlive/2025/texmf-dist/tex/latex/caption/caption3.sty
Package: caption3 2023/07/31 v2.4d caption3 kernel (AR)
\caption@tempdima=\dimen261
\captionmargin=\dimen262
\caption@leftmargin=\dimen263
\caption@rightmargin=\dimen264
\caption@width=\dimen265
\caption@indent=\dimen266
\caption@parindent=\dimen267
\caption@hangindent=\dimen268
Package caption Info: Standard document class detected.
)
\c@caption@flags=\count330
\c@continuedfloat=\count331
Package caption Info: hyperref package is loaded.
Package caption Info: listings package is loaded.
) (/usr/local/texlive/2025/texmf-dist/tex/latex/caption/subcaption.sty
Package: subcaption 2023/07/28 v1.6b Sub-captions (AR)
Package caption Info: New subtype `subfigure' on input line 238.
\c@subfigure=\count332
Package caption Info: New subtype `subtable' on input line 238.
\c@subtable=\count333
) (/usr/local/texlive/2025/texmf-dist/tex/latex/mdwtools/footnote.sty
Package: footnote 1997/01/28 1.13 Save footnotes around boxes
\fn@notes=\box74
\fn@width=\dimen269
) (/usr/local/texlive/2025/texmf-dist/tex/generic/dirtree/dirtree.sty
Package: dirtree 2012/12/11 v0.32 package wrapper for dirtree
 (/usr/local/texlive/2025/texmf-dist/tex/generic/dirtree/dirtree.tex `dirtree' v0.32, 2012/12/11 (jcc)
\DT@offset=\dimen270
\DT@width=\dimen271
\DT@sep=\dimen272
\DT@all=\dimen273
\DT@rulewidth=\dimen274
\DT@dotwidth=\dimen275
\DTbaselineskip=\dimen276
\DT@counti=\count334
\DT@countii=\count335
\DT@countiii=\count336
\DT@countiv=\count337
\DT@indent=\dimen277
\DT@parskip=\dimen278
\DT@baselineskip=\dimen279
)
File: dirtree.tex 2012/12/11 v0.32 `dirtree' (jcc)
) (/usr/local/texlive/2025/texmf-dist/tex/latex/multirow/multirow.sty
Package: multirow 2024/11/12 v2.9 Span multiple rows of a table
\multirow@colwidth=\skip136
\multirow@cntb=\count338
\multirow@dima=\skip137
\bigstrutjot=\dimen280
)
\c@theorem=\count339
\c@lemma=\count340
\c@example=\count341
\c@corollary=\count342
\c@definition=\count343
 (/usr/local/texlive/2025/texmf-dist/tex/latex/psfrag/psfrag.sty
Package: psfrag 1998/04/11 v3.04 PSfrag (MCG)
\pfg@pcount=\count344
\pfg@scount=\count345
\pfg@temp=\write3
) (/usr/local/texlive/2025/texmf-dist/tex/latex/supertabular/supertabular.sty
Package: supertabular 2024/07/20 v4.2c the supertabular environment
\c@tracingst=\count346
\ST@wd=\dimen281
\ST@rightskip=\skip138
\ST@leftskip=\skip139
\ST@parfillskip=\skip140
\ST@pageleft=\dimen282
\ST@headht=\dimen283
\ST@tailht=\dimen284
\ST@pagesofar=\dimen285
\ST@pboxht=\dimen286
\ST@rowht=\dimen287
\ST@prevht=\dimen288
\ST@toadd=\dimen289
\ST@dimen=\dimen290
\ST@pbox=\box75
) (/usr/local/texlive/2025/texmf-dist/tex/latex/tools/tabularx.sty
Package: tabularx 2023/12/11 v2.12a `tabularx' package (DPC)
\TX@col@width=\dimen291
\TX@old@table=\dimen292
\TX@old@col=\dimen293
\TX@target=\dimen294
\TX@delta=\dimen295
\TX@cols=\count347
\TX@ftn=\toks34
) (/usr/local/texlive/2025/texmf-dist/tex/latex/tools/hhline.sty
Package: hhline 2020/01/04 v2.04 Table rule package (DPC)
) (/usr/local/texlive/2025/texmf-dist/tex/latex/minted/minted.sty
Package: minted 2025/03/06 v3.6.0 Yet another Pygments shim for LaTeX
 (/usr/local/texlive/2025/texmf-dist/tex/generic/catchfile/catchfile.sty
Package: catchfile 2019/12/09 v1.8 Catch the contents of a file (HO)
 (/usr/local/texlive/2025/texmf-dist/tex/generic/etexcmds/etexcmds.sty
Package: etexcmds 2019/12/15 v1.7 Avoid name clashes with e-TeX commands (HO)
)) (/usr/local/texlive/2025/texmf-dist/tex/latex/fvextra/fvextra.sty
Package: fvextra 2025/03/04 v1.12.0 fvextra - extensions and patches for fancyvrb
 (/usr/local/texlive/2025/texmf-dist/tex/latex/fancyvrb/fancyvrb.sty
Package: fancyvrb 2024/01/20 4.5c verbatim text (tvz,hv)
\FV@CodeLineNo=\count348
\FV@InFile=\read3
\FV@TabBox=\box76
\c@FancyVerbLine=\count349
\FV@StepNumber=\count350
\FV@OutFile=\write4
) (/usr/local/texlive/2025/texmf-dist/tex/latex/upquote/upquote.sty
Package: upquote 2012/04/19 v1.3 upright-quote and grave-accent glyphs in verbatim
) (/usr/local/texlive/2025/texmf-dist/tex/latex/lineno/lineno.sty
Package: lineno 2025/01/29 line numbers on paragraphs v5.4
\linenopenalty=\count351
\output=\toks35
\linenoprevgraf=\count352
\linenumbersep=\dimen296
\linenumberwidth=\dimen297
\c@linenumber=\count353
\c@pagewiselinenumber=\count354
\c@LN@truepage=\count355
\c@internallinenumber=\count356
\c@internallinenumbers=\count357
\quotelinenumbersep=\dimen298
\bframerule=\dimen299
\bframesep=\dimen300
\bframebox=\box77
\@LN@amsmath@ams@eqpen=\count358
LaTeX Info: Redefining \\ on input line 3187.
)
\c@FancyVerbWriteLine=\count359
\c@FancyVerbBufferLine=\count360
\c@FV@TrueTabGroupLevel=\count361
\c@FV@TrueTabCounter=\count362
\FV@TabBox@Group=\box78
\FV@bgcolorstructbox=\box79
\FV@TmpLength=\skip141
\c@FV@HighlightLinesStart=\count363
\c@FV@HighlightLinesStop=\count364
\FV@LoopCount=\count365
\FV@NCharsBox=\box80
\FV@BreakIndent=\dimen301
\FV@BreakIndentNChars=\count366
\FV@BreakSymbolSepLeft=\dimen302
\FV@BreakSymbolSepLeftNChars=\count367
\FV@BreakSymbolSepRight=\dimen303
\FV@BreakSymbolSepRightNChars=\count368
\FV@BreakSymbolIndentLeft=\dimen304
\FV@BreakSymbolIndentLeftNChars=\count369
\FV@BreakSymbolIndentRight=\dimen305
\FV@BreakSymbolIndentRightNChars=\count370
\c@FancyVerbLineBreakLast=\count371
\FV@LineBox=\box81
\FV@LineIndentBox=\box82
\c@FV@BreakBufferDepth=\count372
\FV@LineWidth=\dimen306
) (/usr/local/texlive/2025/texmf-dist/tex/latex/latex2pydata/latex2pydata.sty
Package: latex2pydata 2025/03/03 v0.5.0 latex2pydata - write data to file in Python literal format
) (/usr/local/texlive/2025/texmf-dist/tex/latex/pgf/utilities/pgfkeys.sty (/usr/local/texlive/2025/texmf-dist/tex/generic/pgf/utilities/pgfkeys.code.tex
\pgfkeys@pathtoks=\toks36
\pgfkeys@temptoks=\toks37
 (/usr/local/texlive/2025/texmf-dist/tex/generic/pgf/utilities/pgfkeyslibraryfiltered.code.tex
\pgfkeys@tmptoks=\toks38
))) (/usr/local/texlive/2025/texmf-dist/tex/latex/pgfopts/pgfopts.sty
Package: pgfopts 2014/07/10 v2.1a LaTeX package options with pgfkeys
\pgfopts@list@add@a@toks=\toks39
\pgfopts@list@add@b@toks=\toks40
) (/usr/local/texlive/2025/texmf-dist/tex/latex/tools/shellesc.sty
Package: shellesc 2023/07/08 v1.0d unified shell escape interface for LaTeX
Package shellesc Info: Restricted shell escape enabled on input line 77.
) (/usr/local/texlive/2025/texmf-dist/tex/latex/float/float.sty
Package: float 2001/11/08 v1.3d Float enhancements (AL)
\c@float@type=\count373
\float@exts=\toks41
\float@box=\box83
\@float@everytoks=\toks42
\@floatcapt=\box84
)
\c@minted@FancyVerbLineTemp=\count374
\@float@every@listing=\toks43
\c@listing=\count375
) (/usr/local/texlive/2025/texmf-dist/tex/latex/microtype/microtype.sty
Package: microtype 2025/02/11 v3.2a Micro-typographical refinements (RS)
\MT@toks=\toks44
\MT@tempbox=\box85
\MT@count=\count376
LaTeX Info: Redefining \noprotrusionifhmode on input line 1087.
LaTeX Info: Redefining \leftprotrusion on input line 1088.
\MT@prot@toks=\toks45
LaTeX Info: Redefining \rightprotrusion on input line 1107.
LaTeX Info: Redefining \textls on input line 1449.
\MT@outer@kern=\dimen307
LaTeX Info: Redefining \microtypecontext on input line 2053.
LaTeX Info: Redefining \textmicrotypecontext on input line 2070.
\MT@listname@count=\count377
 (/usr/local/texlive/2025/texmf-dist/tex/latex/microtype/microtype-pdftex.def
File: microtype-pdftex.def 2025/02/11 v3.2a Definitions specific to pdftex (RS)
LaTeX Info: Redefining \lsstyle on input line 944.
LaTeX Info: Redefining \lslig on input line 944.
\MT@outer@space=\skip142
)
Package microtype Info: Loading configuration file microtype.cfg.
 (/usr/local/texlive/2025/texmf-dist/tex/latex/microtype/microtype.cfg
File: microtype.cfg 2025/02/11 v3.2a microtype main configuration file (RS)
)
LaTeX Info: Redefining \microtypesetup on input line 3065.
) (/usr/local/texlive/2025/texmf-dist/tex/latex/booktabs/booktabs.sty
Package: booktabs 2020/01/12 v1.61803398 Publication quality tables
\heavyrulewidth=\dimen308
\lightrulewidth=\dimen309
\cmidrulewidth=\dimen310
\belowrulesep=\dimen311
\belowbottomsep=\dimen312
\aboverulesep=\dimen313
\abovetopsep=\dimen314
\cmidrulesep=\dimen315
\cmidrulekern=\dimen316
\defaultaddspace=\dimen317
\@cmidla=\count378
\@cmidlb=\count379
\@aboverulesep=\dimen318
\@belowrulesep=\dimen319
\@thisruleclass=\count380
\@lastruleclass=\count381
\@thisrulewidth=\dimen320
) (/usr/local/texlive/2025/texmf-dist/tex/latex/makecell/makecell.sty
Package: makecell 2009/08/03 V0.1e Managing of Tab Column Heads and Cells
\rotheadsize=\dimen321
\c@nlinenum=\count382
\TeXr@lab=\toks46
) (/usr/local/texlive/2025/texmf-dist/tex/latex/graphics/rotating.sty
Package: rotating 2016/08/11 v2.16d rotated objects in LaTeX
\c@r@tfl@t=\count383
\rotFPtop=\skip143
\rotFPbot=\skip144
\rot@float@box=\box86
\rot@mess@toks=\toks47
) (/usr/local/texlive/2025/texmf-dist/tex/latex/tools/multicol.sty
Package: multicol 2024/09/14 v1.9i multicolumn formatting (FMi)
\c@tracingmulticols=\count384
\mult@box=\box87
\multicol@leftmargin=\dimen322
\c@unbalance=\count385
\c@collectmore=\count386
\doublecol@number=\count387
\multicoltolerance=\count388
\multicolpretolerance=\count389
\full@width=\dimen323
\page@free=\dimen324
\premulticols=\dimen325
\postmulticols=\dimen326
\multicolsep=\skip145
\multicolbaselineskip=\skip146
\partial@page=\box88
\last@line=\box89
\mc@boxedresult=\box90
\maxbalancingoverflow=\dimen327
\mult@rightbox=\box91
\mult@grightbox=\box92
\mult@firstbox=\box93
\mult@gfirstbox=\box94
\@tempa=\box95
\@tempa=\box96
\@tempa=\box97
\@tempa=\box98
\@tempa=\box99
\@tempa=\box100
\@tempa=\box101
\@tempa=\box102
\@tempa=\box103
\@tempa=\box104
\@tempa=\box105
\@tempa=\box106
\@tempa=\box107
\@tempa=\box108
\@tempa=\box109
\@tempa=\box110
\@tempa=\box111
\@tempa=\box112
\@tempa=\box113
\@tempa=\box114
\@tempa=\box115
\@tempa=\box116
\@tempa=\box117
\@tempa=\box118
\@tempa=\box119
\@tempa=\box120
\@tempa=\box121
\@tempa=\box122
\@tempa=\box123
\@tempa=\box124
\@tempa=\box125
\@tempa=\box126
\@tempa=\box127
\@tempa=\box128
\@tempa=\box129
\@tempa=\box130
\c@minrows=\count390
\c@columnbadness=\count391
\c@finalcolumnbadness=\count392
\last@try=\dimen328
\multicolovershoot=\dimen329
\multicolundershoot=\dimen330
\mult@nat@firstbox=\box131
\colbreak@box=\box132
\mc@col@check@num=\count393
) (/usr/local/texlive/2025/texmf-dist/tex/latex/sttools/cuted.sty
Package: cuted 2021/10/04 v2.0 Mixing onecolumn and twocolumn modes
\At@ViperColsBreak=\toks48
\preCutedStrip=\toks49
\postCutedStrip=\toks50
\cuted@@tempbox@a=\box133
\cuted@@tempbox@c=\box134
\cuted@@tempbox@var=\box135
\hold@viper=\box136
\@viper=\box137
\cuted@@varbox@a=\box138
\cuted@@varbox@c=\box139
\cuted@@tempdim@spread=\dimen331
\cuted@@tempdim@a=\dimen332
\cuted@@tempdim@b=\dimen333
\ht@hold@viper=\dimen334
\ht@viper=\dimen335
\var@@pagediscards@ht=\dimen336
\stripsep=\skip147
\viper@penalty=\count394
) (/usr/local/texlive/2025/texmf-dist/tex/latex/adjustbox/adjustbox.sty
Package: adjustbox 2025/02/26 v1.3c Adjusting TeX boxes (trim, clip, ...)
 (/usr/local/texlive/2025/texmf-dist/tex/latex/xkeyval/xkeyval.sty
Package: xkeyval 2022/06/16 v2.9 package option processing (HA)
 (/usr/local/texlive/2025/texmf-dist/tex/generic/xkeyval/xkeyval.tex (/usr/local/texlive/2025/texmf-dist/tex/generic/xkeyval/xkvutils.tex
\XKV@toks=\toks51
\XKV@tempa@toks=\toks52
)
\XKV@depth=\count395
File: xkeyval.tex 2014/12/03 v2.7a key=value parser (HA)
)) (/usr/local/texlive/2025/texmf-dist/tex/latex/adjustbox/adjcalc.sty
Package: adjcalc 2012/05/16 v1.1 Provides advanced setlength with multiple back-ends (calc, etex, pgfmath)
) (/usr/local/texlive/2025/texmf-dist/tex/latex/adjustbox/trimclip.sty
Package: trimclip 2025/02/21 v1.2a Trim and clip general TeX material
 (/usr/local/texlive/2025/texmf-dist/tex/latex/collectbox/collectbox.sty
Package: collectbox 2022/10/17 v0.4c Collect macro arguments as boxes
\collectedbox=\box140
)
\tc@llx=\dimen337
\tc@lly=\dimen338
\tc@urx=\dimen339
\tc@ury=\dimen340
Package trimclip Info: Using driver 'tc-pdftex.def'.
 (/usr/local/texlive/2025/texmf-dist/tex/latex/adjustbox/tc-pdftex.def
File: tc-pdftex.def 2025/02/26 v2.3 Clipping driver for pdftex
))
\adjbox@Width=\dimen341
\adjbox@Height=\dimen342
\adjbox@Depth=\dimen343
\adjbox@Totalheight=\dimen344
\adjbox@pwidth=\dimen345
\adjbox@pheight=\dimen346
\adjbox@pdepth=\dimen347
\adjbox@ptotalheight=\dimen348
) (/usr/local/texlive/2025/texmf-dist/tex/generic/soul/soul.sty
Package: soul 2023-06-14 v3.1 Permit use of UTF-8 characters in soul (HO)
 (/usr/local/texlive/2025/texmf-dist/tex/generic/soul/soul-ori.sty
Package: soul-ori 2023-06-14 v3.1 letterspacing/underlining (mf)
\SOUL@word=\toks53
\SOUL@lasttoken=\toks54
\SOUL@syllable=\toks55
\SOUL@cmds=\toks56
\SOUL@buffer=\toks57
\SOUL@token=\toks58
\SOUL@syllgoal=\dimen349
\SOUL@syllwidth=\dimen350
\SOUL@charkern=\dimen351
\SOUL@hyphkern=\dimen352
\SOUL@dimen=\dimen353
\SOUL@dimeni=\dimen354
\SOUL@minus=\count396
\SOUL@comma=\count397
\SOUL@apo=\count398
\SOUL@grave=\count399
\SOUL@spaceskip=\skip148
\SOUL@ttwidth=\dimen355
\SOUL@uldp=\dimen356
\SOUL@ulht=\dimen357
)) (/usr/local/texlive/2025/texmf-dist/tex/latex/pdfpages/pdfpages.sty
Package: pdfpages 2025/01/30 v0.6e Insert pages of external PDF documents (AM)
 (/usr/local/texlive/2025/texmf-dist/tex/latex/eso-pic/eso-pic.sty
Package: eso-pic 2023/05/03 v3.0c eso-pic (RN)
\ESO@tempdima=\dimen358
\ESO@tempdimb=\dimen359
)
\AM@pagewidth=\dimen360
\AM@pageheight=\dimen361
\AM@fboxrule=\dimen362
 (/usr/local/texlive/2025/texmf-dist/tex/latex/pdfpages/pppdftex.def
File: pppdftex.def 2025/01/30 v0.6e Pdfpages driver for pdfTeX (AM)
)
\pdfpages@includegraphics@status=\count400
\AM@pagebox=\box141
\AM@global@opts=\toks59
\AM@pagecnt=\count401
\AM@toc@title=\toks60
\AM@lof@heading=\toks61
\c@AM@survey=\count402
\AM@templatesizebox=\box142
) (/usr/local/texlive/2025/texmf-dist/tex/latex/biblatex/biblatex.sty
Package: biblatex 2024/03/21 v3.20 programmable bibliographies (PK/MW)
 (/usr/local/texlive/2025/texmf-dist/tex/latex/logreq/logreq.sty
Package: logreq 2010/08/04 v1.0 xml request logger
\lrq@indent=\count403
 (/usr/local/texlive/2025/texmf-dist/tex/latex/logreq/logreq.def
File: logreq.def 2010/08/04 v1.0 logreq spec v1.0
))
\c@tabx@nest=\count404
\c@listtotal=\count405
\c@listcount=\count406
\c@liststart=\count407
\c@liststop=\count408
\c@citecount=\count409
\c@citetotal=\count410
\c@multicitecount=\count411
\c@multicitetotal=\count412
\c@instcount=\count413
\c@maxnames=\count414
\c@minnames=\count415
\c@maxitems=\count416
\c@minitems=\count417
\c@citecounter=\count418
\c@maxcitecounter=\count419
\c@savedcitecounter=\count420
\c@uniquelist=\count421
\c@uniquename=\count422
\c@refsection=\count423
\c@refsegment=\count424
\c@maxextratitle=\count425
\c@maxextratitleyear=\count426
\c@maxextraname=\count427
\c@maxextradate=\count428
\c@maxextraalpha=\count429
\c@abbrvpenalty=\count430
\c@highnamepenalty=\count431
\c@lownamepenalty=\count432
\c@maxparens=\count433
\c@parenlevel=\count434
\blx@tempcnta=\count435
\blx@tempcntb=\count436
\blx@tempcntc=\count437
\c@blx@maxsection=\count438
\blx@maxsegment@0=\count439
\blx@notetype=\count440
\blx@parenlevel@text=\count441
\blx@parenlevel@foot=\count442
\blx@sectionciteorder@0=\count443
\blx@sectionciteorderinternal@0=\count444
\blx@entrysetcounter=\count445
\blx@biblioinstance=\count446
\labelnumberwidth=\skip149
\labelalphawidth=\skip150
\biblabelsep=\skip151
\bibitemsep=\skip152
\bibnamesep=\skip153
\bibinitsep=\skip154
\bibparsep=\skip155
\bibhang=\skip156
\blx@bcfin=\read4
\blx@bcfout=\write5
\blx@langwohyphens=\language91
\c@mincomprange=\count447
\c@maxcomprange=\count448
\c@mincompwidth=\count449
Package biblatex Info: Trying to load biblatex default data model...
Package biblatex Info: ... file 'blx-dm.def' found.
 (/usr/local/texlive/2025/texmf-dist/tex/latex/biblatex/blx-dm.def
File: blx-dm.def 2024/03/21 v3.20 biblatex datamodel (PK/MW)
)
Package biblatex Info: Trying to load biblatex custom data model...
Package biblatex Info: ... file 'biblatex-dm.cfg' not found.
\c@afterword=\count450
\c@savedafterword=\count451
\c@annotator=\count452
\c@savedannotator=\count453
\c@author=\count454
\c@savedauthor=\count455
\c@bookauthor=\count456
\c@savedbookauthor=\count457
\c@commentator=\count458
\c@savedcommentator=\count459
\c@editor=\count460
\c@savededitor=\count461
\c@editora=\count462
\c@savededitora=\count463
\c@editorb=\count464
\c@savededitorb=\count465
\c@editorc=\count466
\c@savededitorc=\count467
\c@foreword=\count468
\c@savedforeword=\count469
\c@holder=\count470
\c@savedholder=\count471
\c@introduction=\count472
\c@savedintroduction=\count473
\c@namea=\count474
\c@savednamea=\count475
\c@nameb=\count476
\c@savednameb=\count477
\c@namec=\count478
\c@savednamec=\count479
\c@translator=\count480
\c@savedtranslator=\count481
\c@shortauthor=\count482
\c@savedshortauthor=\count483
\c@shorteditor=\count484
\c@savedshorteditor=\count485
\c@labelname=\count486
\c@savedlabelname=\count487
\c@institution=\count488
\c@savedinstitution=\count489
\c@lista=\count490
\c@savedlista=\count491
\c@listb=\count492
\c@savedlistb=\count493
\c@listc=\count494
\c@savedlistc=\count495
\c@listd=\count496
\c@savedlistd=\count497
\c@liste=\count498
\c@savedliste=\count499
\c@listf=\count500
\c@savedlistf=\count501
\c@location=\count502
\c@savedlocation=\count503
\c@organization=\count504
\c@savedorganization=\count505
\c@origlocation=\count506
\c@savedoriglocation=\count507
\c@origpublisher=\count508
\c@savedorigpublisher=\count509
\c@publisher=\count510
\c@savedpublisher=\count511
\c@language=\count512
\c@savedlanguage=\count513
\c@origlanguage=\count514
\c@savedoriglanguage=\count515
\c@pageref=\count516
\c@savedpageref=\count517
\shorthandwidth=\skip157
\shortjournalwidth=\skip158
\shortserieswidth=\skip159
\shorttitlewidth=\skip160
\shortauthorwidth=\skip161
\shorteditorwidth=\skip162
\locallabelnumberwidth=\skip163
\locallabelalphawidth=\skip164
\localshorthandwidth=\skip165
\localshortjournalwidth=\skip166
\localshortserieswidth=\skip167
\localshorttitlewidth=\skip168
\localshortauthorwidth=\skip169
\localshorteditorwidth=\skip170
Package biblatex Info: Trying to load compatibility code...
Package biblatex Info: ... file 'blx-compat.def' found.
 (/usr/local/texlive/2025/texmf-dist/tex/latex/biblatex/blx-compat.def
File: blx-compat.def 2024/03/21 v3.20 biblatex compatibility (PK/MW)
)
Package biblatex Info: Trying to load generic definitions...
Package biblatex Info: ... file 'biblatex.def' found.
 (/usr/local/texlive/2025/texmf-dist/tex/latex/biblatex/biblatex.def
File: biblatex.def 2024/03/21 v3.20 biblatex compatibility (PK/MW)
\c@textcitecount=\count518
\c@textcitetotal=\count519
\c@textcitemaxnames=\count520
\c@biburlbigbreakpenalty=\count521
\c@biburlbreakpenalty=\count522
\c@biburlnumpenalty=\count523
\c@biburlucpenalty=\count524
\c@biburllcpenalty=\count525
\biburlbigskip=\muskip19
\biburlnumskip=\muskip20
\biburlucskip=\muskip21
\biburllcskip=\muskip22
\c@smartand=\count526
)
Package biblatex Info: Trying to load bibliography style 'numeric'...
Package biblatex Info: ... file 'numeric.bbx' found.
 (/usr/local/texlive/2025/texmf-dist/tex/latex/biblatex/bbx/numeric.bbx
File: numeric.bbx 2024/03/21 v3.20 biblatex bibliography style (PK/MW)
Package biblatex Info: Trying to load bibliography style 'standard'...
Package biblatex Info: ... file 'standard.bbx' found.
 (/usr/local/texlive/2025/texmf-dist/tex/latex/biblatex/bbx/standard.bbx
File: standard.bbx 2024/03/21 v3.20 biblatex bibliography style (PK/MW)
\c@bbx:relatedcount=\count527
\c@bbx:relatedtotal=\count528
))
Package biblatex Info: Trying to load citation style 'numeric'...
Package biblatex Info: ... file 'numeric.cbx' found.
 (/usr/local/texlive/2025/texmf-dist/tex/latex/biblatex/cbx/numeric.cbx
File: numeric.cbx 2024/03/21 v3.20 biblatex citation style (PK/MW)
Package biblatex Info: Redefining '\cite'.
Package biblatex Info: Redefining '\parencite'.
Package biblatex Info: Redefining '\footcite'.
Package biblatex Info: Redefining '\footcitetext'.
Package biblatex Info: Redefining '\smartcite'.
Package biblatex Info: Redefining '\supercite'.
Package biblatex Info: Redefining '\textcite'.
Package biblatex Info: Redefining '\textcites'.
Package biblatex Info: Redefining '\cites'.
Package biblatex Info: Redefining '\parencites'.
Package biblatex Info: Redefining '\smartcites'.
)
Package biblatex Info: Trying to load configuration file...
Package biblatex Info: ... file 'biblatex.cfg' found.
 (/usr/local/texlive/2025/texmf-dist/tex/latex/biblatex/biblatex.cfg
File: biblatex.cfg 
)
Package biblatex Info: Input encoding 'utf8' detected.
Package biblatex Info: Document encoding is UTF8 ....
 (/usr/local/texlive/2025/texmf-dist/tex/latex/l3kernel/expl3.sty
Package: expl3 2025-01-18 L3 programming layer (loader) 
 (/usr/local/texlive/2025/texmf-dist/tex/latex/l3backend/l3backend-pdftex.def
File: l3backend-pdftex.def 2024-05-08 L3 backend support: PDF output (pdfTeX)
\l__color_backend_stack_int=\count529
\l__pdf_internal_box=\box143
))
Package biblatex Info: ... and expl3
(biblatex)             2025-01-18 L3 programming layer (loader) 
(biblatex)             is new enough (at least 2020/04/06),
(biblatex)             setting 'casechanger=expl3'.
 (/usr/local/texlive/2025/texmf-dist/tex/latex/biblatex/blx-case-expl3.sty (/usr/local/texlive/2025/texmf-dist/tex/latex/l3packages/xparse/xparse.sty
Package: xparse 2024-08-16 L3 Experimental document command parser
)
Package: blx-case-expl3 2024/03/21 v3.20 expl3 case changing code for biblatex
)) (/usr/local/texlive/2025/texmf-dist/tex/latex/csquotes/csquotes.sty
Package: csquotes 2024-04-04 v5.2o context-sensitive quotations (JAW)
\csq@reset=\count530
\csq@gtype=\count531
\csq@glevel=\count532
\csq@qlevel=\count533
\csq@maxlvl=\count534
\csq@tshold=\count535
\csq@ltx@everypar=\toks62
 (/usr/local/texlive/2025/texmf-dist/tex/latex/csquotes/csquotes.def
File: csquotes.def 2024-04-04 v5.2o csquotes generic definitions (JAW)
)
Package csquotes Info: Trying to load configuration file 'csquotes.cfg'...
Package csquotes Info: ... configuration file loaded successfully.
 (/usr/local/texlive/2025/texmf-dist/tex/latex/csquotes/csquotes.cfg
File: csquotes.cfg 
)) (/usr/local/texlive/2025/texmf-dist/tex/latex/tools/bm.sty
Package: bm 2023/12/19 v1.2f Bold Symbol Support (DPC/FMi)
\symboldoperators=\mathgroup7
\symboldletters=\mathgroup8
\symboldsymbols=\mathgroup9
Package bm Info: No bold for \OMX/lmex/m/n, using \pmb.
Package bm Info: No bold for \U/msa/m/n, using \pmb.
Package bm Info: No bold for \U/msb/m/n, using \pmb.
Package bm Info: No bold for \U/rsfs/m/n, using \pmb.
LaTeX Font Info:    Redeclaring math alphabet \mathbf on input line 149.
) (/usr/local/texlive/2025/texmf-dist/tex/latex/psnfss/pifont.sty
Package: pifont 2020/03/25 PSNFSS-v9.3 Pi font support (SPQR) 
LaTeX Font Info:    Trying to load font information for U+pzd on input line 63.
 (/usr/local/texlive/2025/texmf-dist/tex/latex/psnfss/upzd.fd
File: upzd.fd 2001/06/04 font definitions for U/pzd.
)
LaTeX Font Info:    Trying to load font information for U+psy on input line 64.
 (/usr/local/texlive/2025/texmf-dist/tex/latex/psnfss/upsy.fd
File: upsy.fd 2001/06/04 font definitions for U/psy.
)) (/usr/local/texlive/2025/texmf-dist/tex/latex/svg/svg.sty
Package: svg 2020/11/26 v2.02k (include SVG pictures)
 (/usr/local/texlive/2025/texmf-dist/tex/latex/koma-script/scrbase.sty
Package: scrbase 2024/10/24 v3.43 KOMA-Script package (KOMA-Script-independent basics and keyval usage)
 (/usr/local/texlive/2025/texmf-dist/tex/latex/koma-script/scrlfile.sty
Package: scrlfile 2024/10/24 v3.43 KOMA-Script package (file load hooks)
 (/usr/local/texlive/2025/texmf-dist/tex/latex/koma-script/scrlfile-hook.sty
Package: scrlfile-hook 2024/10/24 v3.43 KOMA-Script package (using LaTeX hooks)
 (/usr/local/texlive/2025/texmf-dist/tex/latex/koma-script/scrlogo.sty
Package: scrlogo 2024/10/24 v3.43 KOMA-Script package (logo)
)))
Applying: [2021/05/01] Usage of raw or classic option list on input line 254.
Already applied: [0000/00/00] Usage of raw or classic option list on input line 370.
) (/usr/local/texlive/2025/texmf-dist/tex/latex/trimspaces/trimspaces.sty
Package: trimspaces 2009/09/17 v1.1 Trim spaces around a token list
)
\c@svg@param@lastpage=\count536
\svg@box=\box144
\c@svg@param@currpage=\count537
) (/usr/local/texlive/2025/texmf-dist/tex/latex/transparent/transparent.sty
Package: transparent 2022-10-27 v1.5 Transparency with color stacks
 (/usr/local/texlive/2025/texmf-dist/tex/latex/transparent/transparent-nometadata.sty
Package: transparent-nometadata 2022-10-27 v1.5 Transparency via pdfTeX's color stack (HO)
 (/usr/local/texlive/2025/texmf-dist/tex/latex/auxhook/auxhook.sty
Package: auxhook 2019-12-17 v1.6 Hooks for auxiliary files (HO)
)))
(/usr/local/texlive/2025/texmf-dist/tex/latex/pgf/systemlayer/pgfsys.sty (/usr/local/texlive/2025/texmf-dist/tex/latex/pgf/utilities/pgfrcs.sty (/usr/local/texlive/2025/texmf-dist/tex/generic/pgf/utilities/pgfutil-common.tex
\pgfutil@everybye=\toks63
\pgfutil@tempdima=\dimen363
\pgfutil@tempdimb=\dimen364
) (/usr/local/texlive/2025/texmf-dist/tex/generic/pgf/utilities/pgfutil-latex.def
\pgfutil@abb=\box145
) (/usr/local/texlive/2025/texmf-dist/tex/generic/pgf/utilities/pgfrcs.code.tex (/usr/local/texlive/2025/texmf-dist/tex/generic/pgf/pgf.revision.tex)
Package: pgfrcs 2023-01-15 v3.1.10 (3.1.10)
)) (/usr/local/texlive/2025/texmf-dist/tex/generic/pgf/systemlayer/pgfsys.code.tex
Package: pgfsys 2023-01-15 v3.1.10 (3.1.10)
\pgf@x=\dimen365
\pgf@y=\dimen366
\pgf@xa=\dimen367
\pgf@ya=\dimen368
\pgf@xb=\dimen369
\pgf@yb=\dimen370
\pgf@xc=\dimen371
\pgf@yc=\dimen372
\pgf@xd=\dimen373
\pgf@yd=\dimen374
\w@pgf@writea=\write6
\r@pgf@reada=\read5
\c@pgf@counta=\count538
\c@pgf@countb=\count539
\c@pgf@countc=\count540
\c@pgf@countd=\count541
\t@pgf@toka=\toks64
\t@pgf@tokb=\toks65
\t@pgf@tokc=\toks66
\pgf@sys@id@count=\count542
 (/usr/local/texlive/2025/texmf-dist/tex/generic/pgf/systemlayer/pgf.cfg
File: pgf.cfg 2023-01-15 v3.1.10 (3.1.10)
)
Driver file for pgf: pgfsys-pdftex.def
 (/usr/local/texlive/2025/texmf-dist/tex/generic/pgf/systemlayer/pgfsys-pdftex.def
File: pgfsys-pdftex.def 2023-01-15 v3.1.10 (3.1.10)
 (/usr/local/texlive/2025/texmf-dist/tex/generic/pgf/systemlayer/pgfsys-common-pdf.def
File: pgfsys-common-pdf.def 2023-01-15 v3.1.10 (3.1.10)
))) (/usr/local/texlive/2025/texmf-dist/tex/generic/pgf/systemlayer/pgfsyssoftpath.code.tex
File: pgfsyssoftpath.code.tex 2023-01-15 v3.1.10 (3.1.10)
\pgfsyssoftpath@smallbuffer@items=\count543
\pgfsyssoftpath@bigbuffer@items=\count544
) (/usr/local/texlive/2025/texmf-dist/tex/generic/pgf/systemlayer/pgfsysprotocol.code.tex
File: pgfsysprotocol.code.tex 2023-01-15 v3.1.10 (3.1.10)
)) (/usr/local/texlive/2025/texmf-dist/tex/latex/tabto-ltx/tabto.sty
Package: tabto 2018/12/28  v 1.4  Another tabbing mechanism
\CurrentLineWidth=\dimen375
\TabPrevPos=\dimen376
) (/usr/local/texlive/2025/texmf-dist/tex/latex/wrapfig/wrapfig.sty
\wrapoverhang=\dimen377
\WF@size=\dimen378
\c@WF@wrappedlines=\count545
\WF@box=\box146
\WF@everypar=\toks67
Package: wrapfig 2003/01/31  v 3.6
))
Package csquotes Info: Checking for multilingual support...
Package csquotes Info: ... found 'babel' package.
Package csquotes Info: Adjusting default style.
Package csquotes Info: Redefining alias 'default' -> 'polish'.
LaTeX Font Info:    Trying to load font information for T1+lmr on input line 12.
 (/usr/local/texlive/2025/texmf-dist/tex/latex/lm/t1lmr.fd
File: t1lmr.fd 2015/05/01 v1.6.1 Font defs for Latin Modern
) (./main.aux)
\openout1 = `main.aux'.

LaTeX Font Info:    Checking defaults for OML/cmm/m/it on input line 12.
LaTeX Font Info:    ... okay on input line 12.
LaTeX Font Info:    Checking defaults for OMS/cmsy/m/n on input line 12.
LaTeX Font Info:    ... okay on input line 12.
LaTeX Font Info:    Checking defaults for OT1/cmr/m/n on input line 12.
LaTeX Font Info:    ... okay on input line 12.
LaTeX Font Info:    Checking defaults for T1/cmr/m/n on input line 12.
LaTeX Font Info:    ... okay on input line 12.
LaTeX Font Info:    Checking defaults for TS1/cmr/m/n on input line 12.
LaTeX Font Info:    ... okay on input line 12.
LaTeX Font Info:    Checking defaults for OMX/cmex/m/n on input line 12.
LaTeX Font Info:    ... okay on input line 12.
LaTeX Font Info:    Checking defaults for U/cmr/m/n on input line 12.
LaTeX Font Info:    ... okay on input line 12.
LaTeX Font Info:    Checking defaults for PD1/pdf/m/n on input line 12.
LaTeX Font Info:    ... okay on input line 12.
LaTeX Font Info:    Checking defaults for PU/pdf/m/n on input line 12.
LaTeX Font Info:    ... okay on input line 12.
 (/usr/local/texlive/2025/texmf-dist/tex/context/base/mkii/supp-pdf.mkii
[Loading MPS to PDF converter (version 2006.09.02).]
\scratchcounter=\count546
\scratchdimen=\dimen379
\scratchbox=\box147
\nofMPsegments=\count547
\nofMParguments=\count548
\everyMPshowfont=\toks68
\MPscratchCnt=\count549
\MPscratchDim=\dimen380
\MPnumerator=\count550
\makeMPintoPDFobject=\count551
\everyMPtoPDFconversion=\toks69
) (/usr/local/texlive/2025/texmf-dist/tex/latex/epstopdf-pkg/epstopdf-base.sty
Package: epstopdf-base 2020-01-24 v2.11 Base part for package epstopdf
Package epstopdf-base Info: Redefining graphics rule for `.eps' on input line 485.
 (/usr/local/texlive/2025/texmf-dist/tex/latex/latexconfig/epstopdf-sys.cfg
File: epstopdf-sys.cfg 2010/07/13 v1.3 Configuration of (r)epstopdf for TeX Live
))
\c@lstlisting=\count552

*geometry* driver: auto-detecting
*geometry* detected driver: pdftex
*geometry* verbose mode - [ preamble ] result:
* driver: pdftex
* paper: <default>
* layout: <same size as paper>
* layoutoffset:(h,v)=(0.0pt,0.0pt)
* modes: twoside 
* h-part:(L,W,R)=(71.13188pt, 472.03123pt, 71.13188pt)
* v-part:(T,H,B)=(71.13188pt, 652.70622pt, 71.13188pt)
* \paperwidth=614.295pt
* \paperheight=794.96999pt
* \textwidth=472.03123pt
* \textheight=652.70622pt
* \oddsidemargin=-1.1381pt
* \evensidemargin=-1.1381pt
* \topmargin=-39.0119pt
* \headheight=18.0pt
* \headsep=19.8738pt
* \topskip=12.0pt
* \footskip=30.0pt
* \marginparwidth=98.0pt
* \marginparsep=7.0pt
* \columnsep=10.0pt
* \skip\footins=10.8pt plus 4.0pt minus 2.0pt
* \hoffset=0.0pt
* \voffset=0.0pt
* \mag=1000
* \@twocolumnfalse
* \@twosidetrue
* \@mparswitchtrue
* \@reversemarginfalse
* (1in=72.27pt=25.4mm, 1cm=28.453pt)

Package hyperref Info: Link coloring ON on input line 12.
(./main.out) (./main.out)
\@outlinefile=\write7
\openout7 = `main.out'.

Package caption Info: Begin \AtBeginDocument code.
Package caption Info: float package is loaded.
Package caption Info: rotating package is loaded.
Package caption Info: supertabular package is loaded.
Package caption Info: wrapfig package is loaded.
Package caption Info: End \AtBeginDocument code.
Package microtype Info: Patching varwidth to enable character protrusion.
\MT@vwid@leftmargin=\dimen381
\MT@vwid@rightmargin=\dimen382
LaTeX Info: Redefining \microtypecontext on input line 12.
Package microtype Info: Applying patch `item' on input line 12.
Package microtype Info: Applying patch `toc' on input line 12.
Package microtype Info: Applying patch `eqnum' on input line 12.
Package microtype Info: Applying patch `footnote' on input line 12.
Package microtype Info: Applying patch `verbatim' on input line 12.
LaTeX Info: Redefining \microtypesetup on input line 12.
Package microtype Info: Generating PDF output.
Package microtype Info: Character protrusion enabled (level 2).
Package microtype Info: Using default protrusion set `alltext'.
Package microtype Info: Automatic font expansion enabled (level 2),
(microtype)             stretch: 20, shrink: 20, step: 1, non-selected.
Package microtype Info: Using default expansion set `alltext-nott'.
LaTeX Info: Redefining \showhyphens on input line 12.
Package microtype Info: No adjustment of tracking.
Package microtype Info: No adjustment of interword spacing.
Package microtype Info: No adjustment of character kerning.
 (/usr/local/texlive/2025/texmf-dist/tex/latex/microtype/mt-cmr.cfg
File: mt-cmr.cfg 2013/05/19 v2.2 microtype config. file: Computer Modern Roman (RS)
) (/usr/local/texlive/2025/texmf-dist/tex/latex/pdflscape/pdflscape.sty
Package: pdflscape 2022-10-27 v0.13 Display of landscape pages in PDF
 (/usr/local/texlive/2025/texmf-dist/tex/latex/pdflscape/pdflscape-nometadata.sty
Package: pdflscape-nometadata 2022-10-28 v0.13 Display of landscape pages in PDF (HO)
 (/usr/local/texlive/2025/texmf-dist/tex/latex/graphics/lscape.sty
Package: lscape 2020/05/28 v3.02 Landscape Pages (DPC)
)
Package pdflscape Info: Auto-detected driver: pdftex on input line 81.
))
Package biblatex Info: Trying to load language 'polish'...
Package biblatex Info: ... file 'polish.lbx' found.
 (/usr/local/texlive/2025/texmf-dist/tex/latex/biblatex/lbx/polish.lbx
File: polish.lbx 2024/03/21 v3.20 biblatex localization (PK/MW)
)
Package biblatex Info: Input encoding 'utf8' detected.
Package biblatex Info: Automatic encoding selection.
(biblatex)             Assuming data encoding 'utf8'.
\openout5 = `main.bcf'.

Package biblatex Info: Trying to load bibliographic data...
Package biblatex Info: ... file 'main.bbl' found.
 (./main.bbl)
Package biblatex Info: Reference section=0 on input line 12.
Package biblatex Info: Reference segment=0 on input line 12.
<title_page/title_page.pdf, id=193, 597.432pt x 845.07718pt>
File: title_page/title_page.pdf Graphic file (type pdf)
<use title_page/title_page.pdf>
Package pdftex.def Info: title_page/title_page.pdf  used on input line 14.
(pdftex.def)             Requested size: 597.43054pt x 845.07512pt.
<title_page/title_page.pdf, id=195, page=1, 597.432pt x 845.07718pt>
File: title_page/title_page.pdf Graphic file (type pdf)
<use title_page/title_page.pdf, page 1>
Package pdftex.def Info: title_page/title_page.pdf , page1 used on input line 14.
(pdftex.def)             Requested size: 597.43054pt x 845.07512pt.
File: title_page/title_page.pdf Graphic file (type pdf)
<use title_page/title_page.pdf, page 1>
Package pdftex.def Info: title_page/title_page.pdf , page1 used on input line 14.
(pdftex.def)             Requested size: 562.05109pt x 795.0303pt.
File: title_page/title_page.pdf Graphic file (type pdf)
<use title_page/title_page.pdf, page 1>
Package pdftex.def Info: title_page/title_page.pdf , page1 used on input line 14.
(pdftex.def)             Requested size: 562.05109pt x 795.0303pt.
File: title_page/title_page.pdf Graphic file (type pdf)
<use title_page/title_page.pdf, page 1>
Package pdftex.def Info: title_page/title_page.pdf , page1 used on input line 14.
(pdftex.def)             Requested size: 562.05109pt x 795.0303pt.


File: title_page/title_page.pdf Graphic file (type pdf)
<use title_page/title_page.pdf, page 1>
Package pdftex.def Info: title_page/title_page.pdf , page1 used on input line 14.
(pdftex.def)             Requested size: 562.05109pt x 795.0303pt.
[1
Non-PDF special ignored!
<special> header=psfrag.pro




 <./title_page/title_page.pdf>]

[2


] (./chapters/abstrakt.tex

[1{/usr/local/texlive/2025/texmf-var/fonts/map/pdftex/updmap/pdftex.map}{/usr/local/texlive/2025/texmf-dist/fonts/enc/dvips/lm/lm-ec.enc}])

[2] (./main.toc
LaTeX Font Info:    Trying to load font information for OT1+lmr on input line 3.
 (/usr/local/texlive/2025/texmf-dist/tex/latex/lm/ot1lmr.fd
File: ot1lmr.fd 2015/05/01 v1.6.1 Font defs for Latin Modern
)
LaTeX Font Info:    Trying to load font information for OML+lmm on input line 3.
 (/usr/local/texlive/2025/texmf-dist/tex/latex/lm/omllmm.fd
File: omllmm.fd 2015/05/01 v1.6.1 Font defs for Latin Modern
)
LaTeX Font Info:    Trying to load font information for OMS+lmsy on input line 3.
 (/usr/local/texlive/2025/texmf-dist/tex/latex/lm/omslmsy.fd
File: omslmsy.fd 2015/05/01 v1.6.1 Font defs for Latin Modern
)
LaTeX Font Info:    Trying to load font information for OMX+lmex on input line 3.
 (/usr/local/texlive/2025/texmf-dist/tex/latex/lm/omxlmex.fd
File: omxlmex.fd 2015/05/01 v1.6.1 Font defs for Latin Modern
)
LaTeX Font Info:    External font `lmex10' loaded for size
(Font)              <12> on input line 3.
LaTeX Font Info:    External font `lmex10' loaded for size
(Font)              <8> on input line 3.
LaTeX Font Info:    External font `lmex10' loaded for size
(Font)              <6> on input line 3.
LaTeX Font Info:    Trying to load font information for U+msa on input line 3.
 (/usr/local/texlive/2025/texmf-dist/tex/latex/amsfonts/umsa.fd
File: umsa.fd 2013/01/14 v3.01 AMS symbols A
) (/usr/local/texlive/2025/texmf-dist/tex/latex/microtype/mt-msa.cfg
File: mt-msa.cfg 2006/02/04 v1.1 microtype config. file: AMS symbols (a) (RS)
)
LaTeX Font Info:    Trying to load font information for U+msb on input line 3.
 (/usr/local/texlive/2025/texmf-dist/tex/latex/amsfonts/umsb.fd
File: umsb.fd 2013/01/14 v3.01 AMS symbols B
) (/usr/local/texlive/2025/texmf-dist/tex/latex/microtype/mt-msb.cfg
File: mt-msb.cfg 2005/06/01 v1.0 microtype config. file: AMS symbols (b) (RS)
)
LaTeX Font Info:    Trying to load font information for U+rsfs on input line 3.
 (/usr/local/texlive/2025/texmf-dist/tex/latex/jknapltx/ursfs.fd
File: ursfs.fd 1998/03/24 rsfs font definition file (jk)
)

[3


])
\tf@toc=\write8
\openout8 = `main.toc'.



[4] (./chapters/wstep/main.tex

[1






]
LaTeX Font Info:    Trying to load font information for TS1+lmr on input line 51.
 (/usr/local/texlive/2025/texmf-dist/tex/latex/lm/ts1lmr.fd
File: ts1lmr.fd 2015/05/01 v1.6.1 Font defs for Latin Modern
)

[2{/usr/local/texlive/2025/texmf-dist/fonts/enc/dvips/lm/lm-ts1.enc}]) (./chapters/slownik_pojec.tex

[3]

[4


]

[5]
Overfull \hbox (5.48965pt too wide) in paragraph at lines 22--23
[]\T1/lmr/m/n/12 (-20) - abs-trak-cyjna ma-szyna
 []


Overfull \hbox (10.01659pt too wide) in paragraph at lines 24--25
[]\T1/lmr/m/n/12 (-20) - zbir
 []

)

[6] (./chapters/dzialanie_faas/main.tex
Rozdzia\l  1.
(./chapters/dzialanie_faas/model_serverless.tex

[7


]) (./chapters/dzialanie_faas/funkcja_jako_usluga.tex

[8]

[9]) (./chapters/dzialanie_faas/aws_lambda.tex
<charts/sample-lambda-code.png, id=453, 1563.8425pt x 682.55pt>
File: charts/sample-lambda-code.png Graphic file (type png)
<use charts/sample-lambda-code.png>
Package pdftex.def Info: charts/sample-lambda-code.png  used on input line 15.
(pdftex.def)             Requested size: 448.42822pt x 195.71606pt.


[10]

[11 <./charts/sample-lambda-code.png>]
<charts/aws_lambda_lifecycle.drawio.png, id=473, 1087.06125pt x 171.64125pt>
File: charts/aws_lambda_lifecycle.drawio.png Graphic file (type png)
<use charts/aws_lambda_lifecycle.drawio.png>
Package pdftex.def Info: charts/aws_lambda_lifecycle.drawio.png  used on input line 54.
(pdftex.def)             Requested size: 448.42822pt x 70.8055pt.


[12 <./charts/aws_lambda_lifecycle.drawio.png>]
<charts/warm_cold_starts_lambda.png, id=487, 773.89125pt x 156.585pt>
File: charts/warm_cold_starts_lambda.png Graphic file (type png)
<use charts/warm_cold_starts_lambda.png>
Package pdftex.def Info: charts/warm_cold_starts_lambda.png  used on input line 88.
(pdftex.def)             Requested size: 448.42822pt x 90.73334pt.
)) (./chapters/przeglad_literatury/main.tex

[13 <./charts/warm_cold_starts_lambda.png>]

[14


]
Rozdzia\l  2.
(./chapters/przeglad_literatury/review_method.tex

[15]

[16]

[17]

[18]

[19]
<charts/literature_review_process.drawio.png, id=543, 1024.82875pt x 402.50375pt>
File: charts/literature_review_process.drawio.png Graphic file (type png)
<use charts/literature_review_process.drawio.png>
Package pdftex.def Info: charts/literature_review_process.drawio.png  used on input line 205.
(pdftex.def)             Requested size: 448.42822pt x 176.11952pt.
 (./chapters/przeglad_literatury/review_process_table.tex
Overfull \hbox (1.31326pt too wide) in paragraph at lines 9--9
 []|\T1/lmr/bx/n/8 (-20) Wyszukanie| 
 []


Overfull \hbox (1.99545pt too wide) in paragraph at lines 9--10
 []|\T1/lmr/bx/n/8 (-20) Snowballing| 
 []

)

[20 <./charts/literature_review_process.drawio.png>]

[21]) (./chapters/przeglad_literatury/results.tex (./chapters/przeglad_literatury/results_papers.tex)

[22]

[23]

[24]

[25]

[26]

[27]

[28]

[29]

[30]

[31]

[32]

[33]
Underfull \vbox (badness 10000) has occurred while \output is active []



[34]

[35]

[36])) (./chapters/metody_optimalizacji/main.tex

[37]

[38]
Rozdzia\l  3.
(./chapters/metody_optimalizacji/snapstart.tex
<charts/snapstart.png, id=840, 764.8575pt x 214.8025pt>
File: charts/snapstart.png Graphic file (type png)
<use charts/snapstart.png>
Package pdftex.def Info: charts/snapstart.png  used on input line 22.
(pdftex.def)             Requested size: 448.42822pt x 125.93591pt.


LaTeX Warning: `h' float specifier changed to `ht'.



[39


]

[40 <./charts/snapstart.png>]) (./chapters/metody_optimalizacji/graalvm.tex

[41]
<charts/graalvm-build-process.drawio.png, id=885, 603.25375pt x 289.08pt>
File: charts/graalvm-build-process.drawio.png Graphic file (type png)
<use charts/graalvm-build-process.drawio.png>
Package pdftex.def Info: charts/graalvm-build-process.drawio.png  used on input line 38.
(pdftex.def)             Requested size: 448.42822pt x 214.88626pt.


[42 <./charts/graalvm-build-process.drawio.png>]) (./chapters/metody_optimalizacji/kotlin.tex

[43]

[44]
<charts/kmp-structure.drawio.png, id=929, 643.40375pt x 563.10374pt>
File: charts/kmp-structure.drawio.png Graphic file (type png)
<use charts/kmp-structure.drawio.png>
Package pdftex.def Info: charts/kmp-structure.drawio.png  used on input line 89.
(pdftex.def)             Requested size: 448.42822pt x 392.47726pt.


LaTeX Warning: `h' float specifier changed to `ht'.



[45]) (./chapters/metody_optimalizacji/kotlin-js.tex

[46 <./charts/kmp-structure.drawio.png>]
<charts/kotlin-js-ir.drawio.png, id=949, 1478.52374pt x 983.675pt>
File: charts/kotlin-js-ir.drawio.png Graphic file (type png)
<use charts/kotlin-js-ir.drawio.png>
Package pdftex.def Info: charts/kotlin-js-ir.drawio.png  used on input line 21.
(pdftex.def)             Requested size: 472.03123pt x 314.04695pt.


[47 <./charts/kotlin-js-ir.drawio.png>]) (./chapters/metody_optimalizacji/kotlin-native.tex
Underfull \vbox (badness 10000) has occurred while \output is active []



[48]

[49])) (./chapters/opis_badania/main.tex

[50]
Rozdzia\l  4.


[51


]

[52{/usr/local/texlive/2025/texmf-dist/fonts/enc/dvips/lm/lm-rm.enc}{/usr/local/texlive/2025/texmf-dist/fonts/enc/dvips/lm/lm-mathit.enc}{/usr/local/texlive/2025/texmf-dist/fonts/enc/dvips/lm/lm-mathsy.enc}]

[53]
<charts/lambda_workflow.drawio.png, id=1025, 603.25375pt x 171.64125pt>
File: charts/lambda_workflow.drawio.png Graphic file (type png)
<use charts/lambda_workflow.drawio.png>
Package pdftex.def Info: charts/lambda_workflow.drawio.png  used on input line 128.
(pdftex.def)             Requested size: 448.42822pt x 127.5887pt.


[54 <./charts/lambda_workflow.drawio.png>]
Underfull \hbox (badness 10000) in paragraph at lines 157--157
[]|\T1/lmr/m/n/12 (+20) io.quarkus:quarkus-
 []



[55]

[56]

LaTeX Warning: `!h' float specifier changed to `!ht'.


Underfull \vbox (badness 2671) has occurred while \output is active []



[57]
<charts/experiment-architecture.drawio.png, id=1065, 733.74126pt x 630.355pt>
File: charts/experiment-architecture.drawio.png Graphic file (type png)
<use charts/experiment-architecture.drawio.png>
Package pdftex.def Info: charts/experiment-architecture.drawio.png  used on input line 276.
(pdftex.def)             Requested size: 472.03123pt x 405.52263pt.


LaTeX Warning: `h' float specifier changed to `ht'.



[58]

[59 <./charts/experiment-architecture.drawio.png>]

[60]) (./chapters/wyniki/main.tex

[61]

[62]
Rozdzia\l  5.
(./chapters/wyniki/warm-start.tex
<charts/results/avg-warm-start.png, id=1112, 752.8125pt x 376.40625pt>
File: charts/results/avg-warm-start.png Graphic file (type png)
<use charts/results/avg-warm-start.png>
Package pdftex.def Info: charts/results/avg-warm-start.png  used on input line 36.
(pdftex.def)             Requested size: 448.42822pt x 224.22008pt.


LaTeX Warning: `!h' float specifier changed to `!ht'.



[63


]

[64 <./charts/results/avg-warm-start.png>]
LaTeX Font Info:    External font `lmex10' loaded for size
(Font)              <10.95> on input line 92.

Underfull \hbox (badness 10000) in paragraph at lines 94--94
[]|\T1/lmr/m/n/10.95 (+20) rednia
 []


Underfull \hbox (badness 10000) in paragraph at lines 94--94
[]|\T1/lmr/m/n/10.95 (+20) Zmiana
 []


Underfull \hbox (badness 10000) in paragraph at lines 94--94
[]|\T1/lmr/m/n/10.95 (+20) Mediana
 []


Underfull \hbox (badness 10000) in paragraph at lines 94--94
[]|\T1/lmr/m/n/10.95 (+20) Zmiana
 []


Underfull \hbox (badness 10000) in paragraph at lines 94--95
[]|\T1/lmr/m/n/10.95 (+20) Odch.
 []


LaTeX Warning: `!h' float specifier changed to `!ht'.



[65]
LaTeX Font Info:    External font `lmex10' loaded for size
(Font)              <10> on input line 164.
LaTeX Font Info:    External font `lmex10' loaded for size
(Font)              <7> on input line 164.
LaTeX Font Info:    External font `lmex10' loaded for size
(Font)              <5> on input line 164.


LaTeX Warning: `!h' float specifier changed to `!ht'.



[66]

[67]) (./chapters/wyniki/cold-start.tex
<charts/results/avg-cold-start-512-2048.png, id=1155, 752.8125pt x 376.40625pt>
File: charts/results/avg-cold-start-512-2048.png Graphic file (type png)
<use charts/results/avg-cold-start-512-2048.png>
Package pdftex.def Info: charts/results/avg-cold-start-512-2048.png  used on input line 37.
(pdftex.def)             Requested size: 448.42822pt x 224.22008pt.
<charts/results/avg-cold-start-128-256.png, id=1156, 752.8125pt x 376.40625pt>
File: charts/results/avg-cold-start-128-256.png Graphic file (type png)
<use charts/results/avg-cold-start-128-256.png>
Package pdftex.def Info: charts/results/avg-cold-start-128-256.png  used on input line 44.
(pdftex.def)             Requested size: 448.42822pt x 224.22008pt.


LaTeX Warning: `h' float specifier changed to `ht'.



[68

 <./charts/results/avg-cold-start-512-2048.png>]

[69 <./charts/results/avg-cold-start-128-256.png>]
Underfull \hbox (badness 10000) in paragraph at lines 86--86
[]|\T1/lmr/m/n/10.95 (+20) rednia
 []


Underfull \hbox (badness 10000) in paragraph at lines 86--86
[]|\T1/lmr/m/n/10.95 (+20) Zmiana
 []


Underfull \hbox (badness 10000) in paragraph at lines 86--86
[]|\T1/lmr/m/n/10.95 (+20) Mediana
 []


Underfull \hbox (badness 10000) in paragraph at lines 86--86
[]|\T1/lmr/m/n/10.95 (+20) Zmiana
 []


Underfull \hbox (badness 10000) in paragraph at lines 86--87
[]|\T1/lmr/m/n/10.95 (+20) Odch.
 []


LaTeX Warning: `!h' float specifier changed to `!ht'.


LaTeX Warning: `!h' float specifier changed to `!ht'.



[70]

[71]

[72]) (./chapters/wyniki/wwf.tex
<charts/results/wwf.png, id=1187, 752.8125pt x 376.40625pt>
File: charts/results/wwf.png Graphic file (type png)
<use charts/results/wwf.png>
Package pdftex.def Info: charts/results/wwf.png  used on input line 12.
(pdftex.def)             Requested size: 448.42822pt x 224.22008pt.
)

[73

 <./charts/results/wwf.png>] (./chapters/wyniki/functions-costs.tex
<charts/results/average-cost.png, id=1199, 752.8125pt x 376.40625pt>
File: charts/results/average-cost.png Graphic file (type png)
<use charts/results/average-cost.png>
Package pdftex.def Info: charts/results/average-cost.png  used on input line 10.
(pdftex.def)             Requested size: 448.42822pt x 224.22008pt.
)

[74 <./charts/results/average-cost.png>] (./chapters/wyniki/development-process.tex
<charts/results/avg-build-times.png, id=1207, 752.8125pt x 376.40625pt>
File: charts/results/avg-build-times.png Graphic file (type png)
<use charts/results/avg-build-times.png>
Package pdftex.def Info: charts/results/avg-build-times.png  used on input line 9.
(pdftex.def)             Requested size: 448.42822pt x 224.22008pt.
<charts/results/artifact-size.png, id=1209, 752.8125pt x 376.40625pt>
File: charts/results/artifact-size.png Graphic file (type png)
<use charts/results/artifact-size.png>
Package pdftex.def Info: charts/results/artifact-size.png  used on input line 23.
(pdftex.def)             Requested size: 448.42822pt x 224.22008pt.


LaTeX Warning: `h' float specifier changed to `ht'.



[75 <./charts/results/avg-build-times.png>]
Underfull \hbox (badness 10000) in paragraph at lines 42--42
[]|\T1/lmr/bx/n/12 (+20) Dostpno
 []


LaTeX Warning: `h' float specifier changed to `ht'.

)) (./chapters/wnioski_dyskusja/main.tex

[76 <./charts/results/artifact-size.png>]

[77]

[78


]
Rozdzia\l  6.


[79]

[80]

[81]

[82]

[83]

[84]

[85]

[86])

[87]

[88] (./chapters/zakonczenie/main.tex

[89


]

[90])

[91]

[92


]
Package microtype Info: Character `029' is missing
(microtype)             in font `T1/lmr/m/sc/12'.
(microtype)             Ignoring protrusion settings for this character.
LaTeX Font Info:    Trying to load font information for T1+lmtt on input line 73.
 (/usr/local/texlive/2025/texmf-dist/tex/latex/lm/t1lmtt.fd
File: t1lmtt.fd 2015/05/01 v1.6.1 Font defs for Latin Modern
)
Package microtype Info: Loading generic protrusion settings for font family
(microtype)             `lmtt' (encoding: T1).
(microtype)             For optimal results, create family-specific settings.
(microtype)             See the microtype manual for details.


[93]
Overfull \hbox (0.10995pt too wide) in paragraph at lines 73--73
\T1/lmr/m/n/12 (+6) 85178522391 & doi = 10 . 1109 % 2fSBAC -[] PADW60351 . 2023 . 00023 & partnerID = 40 & md5 =
 []



[94]
Overfull \hbox (11.0077pt too wide) in paragraph at lines 73--73
[]\T1/lmr/m/n/12 (-20) Luc van Don-kers-goed. \T1/lmr/m/it/12 (-20) Po-stNL's Se-rver-less Jo-ur-ney: Bu-si-ness Ove-rview\T1/lmr/m/n/12 (-20) . Do-stp: 04.05.2025.
 []



[95]

[96]

[97]

[98]

[99] (./main.lof)
\tf@lof=\write9
\openout9 = `main.lof'.



[100] (./main.lot)
\tf@lot=\write10
\openout10 = `main.lot'.



[101]
runsystem(latexminted cleantemp  --timestamp 20250611090853 FAD58DE7366495DB4650CFEFAC2FCD61)...executed safely (allowed).

 (./main.aux)
 ***********
LaTeX2e <2024-11-01> patch level 2
L3 programming layer <2025-01-18>
 ***********
Package rerunfilecheck Info: File `main.out' has not changed.
(rerunfilecheck)             Checksum: D04167425FCD210E7D03FD754044429F;7490.
Package logreq Info: Writing requests to 'main.run.xml'.
\openout1 = `main.run.xml'.

 ) 
Here is how much of TeX's memory you used:
 39419 strings out of 473190
 751010 string characters out of 5715800
 1830970 words of memory out of 5000000
 61354 multiletter control sequences out of 15000+600000
 679822 words of font info for 271 fonts, out of 8000000 for 9000
 1141 hyphenation exceptions out of 8191
 99i,18n,96p,1618b,3332s stack positions out of 10000i,1000n,20000p,200000b,200000s
</usr/local/texlive/2025/texmf-dist/fonts/type1/public/lm/lmbsy10.pfb></usr/local/texlive/2025/texmf-dist/fonts/type1/public/lm/lmbsy7.pfb></usr/local/texlive/2025/texmf-dist/fonts/type1/public/lm/lmbx10.pfb></usr/local/texlive/2025/texmf-dist/fonts/type1/public/lm/lmbx12.pfb></usr/local/texlive/2025/texmf-dist/fonts/type1/public/lm/lmbx7.pfb></usr/local/texlive/2025/texmf-dist/fonts/type1/public/lm/lmbx8.pfb></usr/local/texlive/2025/texmf-dist/fonts/type1/public/lm/lmcsc10.pfb></usr/local/texlive/2025/texmf-dist/fonts/type1/public/lm/lmmi12.pfb></usr/local/texlive/2025/texmf-dist/fonts/type1/public/lm/lmmi8.pfb></usr/local/texlive/2025/texmf-dist/fonts/type1/public/lm/lmmib10.pfb></usr/local/texlive/2025/texmf-dist/fonts/type1/public/lm/lmr10.pfb></usr/local/texlive/2025/texmf-dist/fonts/type1/public/lm/lmr12.pfb></usr/local/texlive/2025/texmf-dist/fonts/type1/public/lm/lmr8.pfb></usr/local/texlive/2025/texmf-dist/fonts/type1/public/lm/lmri12.pfb></usr/local/texlive/2025/texmf-dist/fonts/type1/public/lm/lmsy10.pfb></usr/local/texlive/2025/texmf-dist/fonts/type1/public/lm/lmsy8.pfb></usr/local/texlive/2025/texmf-dist/fonts/type1/public/lm/lmtt12.pfb>
Output written on main.pdf (107 pages, 1447420 bytes).
PDF statistics:
 1720 PDF objects out of 1728 (max. 8388607)
 1424 compressed objects within 15 object streams
 298 named destinations out of 1000 (max. 500000)
 64489 words of extra memory for PDF output out of 74296 (max. 10000000)

